{"/home/msgiotto/code/fiap-soat/challenge5-app-status/dist/src/Core/Entity/ProcessingEntity.js": {"path":"/home/msgiotto/code/fiap-soat/challenge5-app-status/dist/src/Core/Entity/ProcessingEntity.js","statementMap":{"0":{"start":{"line":2,"column":0},"end":{"line":2,"column":62}},"1":{"start":{"line":3,"column":0},"end":{"line":3,"column":34}},"2":{"start":{"line":4,"column":38},"end":{"line":4,"column":90}},"3":{"start":{"line":5,"column":31},"end":{"line":5,"column":69}},"4":{"start":{"line":6,"column":26},"end":{"line":6,"column":66}},"5":{"start":{"line":7,"column":27},"end":{"line":7,"column":68}},"6":{"start":{"line":10,"column":8},"end":{"line":10,"column":41}},"7":{"start":{"line":11,"column":8},"end":{"line":11,"column":47}},"8":{"start":{"line":12,"column":8},"end":{"line":12,"column":45}},"9":{"start":{"line":13,"column":8},"end":{"line":13,"column":49}},"10":{"start":{"line":14,"column":8},"end":{"line":14,"column":108}},"11":{"start":{"line":15,"column":8},"end":{"line":15,"column":62}},"12":{"start":{"line":16,"column":8},"end":{"line":16,"column":49}},"13":{"start":{"line":17,"column":8},"end":{"line":17,"column":62}},"14":{"start":{"line":20,"column":8},"end":{"line":23,"column":9}},"15":{"start":{"line":21,"column":12},"end":{"line":21,"column":52}},"16":{"start":{"line":22,"column":12},"end":{"line":22,"column":104}},"17":{"start":{"line":24,"column":8},"end":{"line":27,"column":9}},"18":{"start":{"line":25,"column":12},"end":{"line":25,"column":40}},"19":{"start":{"line":26,"column":12},"end":{"line":26,"column":140}},"20":{"start":{"line":28,"column":8},"end":{"line":30,"column":9}},"21":{"start":{"line":29,"column":12},"end":{"line":29,"column":139}},"22":{"start":{"line":31,"column":8},"end":{"line":31,"column":49}},"23":{"start":{"line":34,"column":8},"end":{"line":36,"column":9}},"24":{"start":{"line":35,"column":12},"end":{"line":35,"column":56}},"25":{"start":{"line":37,"column":8},"end":{"line":39,"column":9}},"26":{"start":{"line":38,"column":12},"end":{"line":38,"column":68}},"27":{"start":{"line":40,"column":8},"end":{"line":40,"column":63}},"28":{"start":{"line":43,"column":8},"end":{"line":43,"column":35}},"29":{"start":{"line":44,"column":8},"end":{"line":44,"column":77}},"30":{"start":{"line":47,"column":8},"end":{"line":47,"column":33}},"31":{"start":{"line":50,"column":8},"end":{"line":50,"column":36}},"32":{"start":{"line":53,"column":8},"end":{"line":53,"column":37}},"33":{"start":{"line":56,"column":8},"end":{"line":56,"column":35}},"34":{"start":{"line":59,"column":8},"end":{"line":59,"column":37}},"35":{"start":{"line":62,"column":8},"end":{"line":62,"column":41}},"36":{"start":{"line":65,"column":8},"end":{"line":65,"column":34}},"37":{"start":{"line":68,"column":8},"end":{"line":72,"column":10}},"38":{"start":{"line":75,"column":8},"end":{"line":75,"column":41}},"39":{"start":{"line":78,"column":8},"end":{"line":78,"column":236}},"40":{"start":{"line":81,"column":29},"end":{"line":81,"column":57}},"41":{"start":{"line":82,"column":32},"end":{"line":82,"column":96}},"42":{"start":{"line":83,"column":31},"end":{"line":83,"column":92}},"43":{"start":{"line":84,"column":33},"end":{"line":84,"column":120}},"44":{"start":{"line":85,"column":8},"end":{"line":85,"column":101}},"45":{"start":{"line":88,"column":29},"end":{"line":88,"column":45}},"46":{"start":{"line":89,"column":32},"end":{"line":89,"column":85}},"47":{"start":{"line":90,"column":31},"end":{"line":90,"column":81}},"48":{"start":{"line":91,"column":33},"end":{"line":91,"column":109}},"49":{"start":{"line":92,"column":8},"end":{"line":92,"column":107}},"50":{"start":{"line":95,"column":0},"end":{"line":95,"column":44}}},"fnMap":{"0":{"name":"(anonymous_0)","decl":{"start":{"line":9,"column":4},"end":{"line":9,"column":5}},"loc":{"start":{"line":9,"column":158},"end":{"line":18,"column":5}},"line":9},"1":{"name":"(anonymous_1)","decl":{"start":{"line":19,"column":4},"end":{"line":19,"column":5}},"loc":{"start":{"line":19,"column":42},"end":{"line":32,"column":5}},"line":19},"2":{"name":"(anonymous_2)","decl":{"start":{"line":33,"column":4},"end":{"line":33,"column":5}},"loc":{"start":{"line":33,"column":62},"end":{"line":41,"column":5}},"line":33},"3":{"name":"(anonymous_3)","decl":{"start":{"line":42,"column":4},"end":{"line":42,"column":5}},"loc":{"start":{"line":42,"column":39},"end":{"line":45,"column":5}},"line":42},"4":{"name":"(anonymous_4)","decl":{"start":{"line":46,"column":4},"end":{"line":46,"column":5}},"loc":{"start":{"line":46,"column":22},"end":{"line":48,"column":5}},"line":46},"5":{"name":"(anonymous_5)","decl":{"start":{"line":49,"column":4},"end":{"line":49,"column":5}},"loc":{"start":{"line":49,"column":15},"end":{"line":51,"column":5}},"line":49},"6":{"name":"(anonymous_6)","decl":{"start":{"line":52,"column":4},"end":{"line":52,"column":5}},"loc":{"start":{"line":52,"column":26},"end":{"line":54,"column":5}},"line":52},"7":{"name":"(anonymous_7)","decl":{"start":{"line":55,"column":4},"end":{"line":55,"column":5}},"loc":{"start":{"line":55,"column":14},"end":{"line":57,"column":5}},"line":55},"8":{"name":"(anonymous_8)","decl":{"start":{"line":58,"column":4},"end":{"line":58,"column":5}},"loc":{"start":{"line":58,"column":26},"end":{"line":60,"column":5}},"line":58},"9":{"name":"(anonymous_9)","decl":{"start":{"line":61,"column":4},"end":{"line":61,"column":5}},"loc":{"start":{"line":61,"column":30},"end":{"line":63,"column":5}},"line":61},"10":{"name":"(anonymous_10)","decl":{"start":{"line":64,"column":4},"end":{"line":64,"column":5}},"loc":{"start":{"line":64,"column":23},"end":{"line":66,"column":5}},"line":64},"11":{"name":"(anonymous_11)","decl":{"start":{"line":67,"column":4},"end":{"line":67,"column":5}},"loc":{"start":{"line":67,"column":24},"end":{"line":73,"column":5}},"line":67},"12":{"name":"(anonymous_12)","decl":{"start":{"line":74,"column":4},"end":{"line":74,"column":5}},"loc":{"start":{"line":74,"column":30},"end":{"line":76,"column":5}},"line":74},"13":{"name":"(anonymous_13)","decl":{"start":{"line":77,"column":4},"end":{"line":77,"column":5}},"loc":{"start":{"line":77,"column":19},"end":{"line":79,"column":5}},"line":77},"14":{"name":"(anonymous_14)","decl":{"start":{"line":80,"column":4},"end":{"line":80,"column":5}},"loc":{"start":{"line":80,"column":34},"end":{"line":86,"column":5}},"line":80},"15":{"name":"(anonymous_15)","decl":{"start":{"line":87,"column":4},"end":{"line":87,"column":5}},"loc":{"start":{"line":87,"column":28},"end":{"line":93,"column":5}},"line":87}},"branchMap":{"0":{"loc":{"start":{"line":14,"column":32},"end":{"line":14,"column":107}},"type":"binary-expr","locations":[{"start":{"line":14,"column":32},"end":{"line":14,"column":48}},{"start":{"line":14,"column":52},"end":{"line":14,"column":107}}],"line":14},"1":{"loc":{"start":{"line":15,"column":36},"end":{"line":15,"column":61}},"type":"binary-expr","locations":[{"start":{"line":15,"column":36},"end":{"line":15,"column":56}},{"start":{"line":15,"column":60},"end":{"line":15,"column":61}}],"line":15},"2":{"loc":{"start":{"line":16,"column":29},"end":{"line":16,"column":48}},"type":"binary-expr","locations":[{"start":{"line":16,"column":29},"end":{"line":16,"column":42}},{"start":{"line":16,"column":46},"end":{"line":16,"column":48}}],"line":16},"3":{"loc":{"start":{"line":17,"column":36},"end":{"line":17,"column":61}},"type":"binary-expr","locations":[{"start":{"line":17,"column":36},"end":{"line":17,"column":56}},{"start":{"line":17,"column":60},"end":{"line":17,"column":61}}],"line":17},"4":{"loc":{"start":{"line":20,"column":8},"end":{"line":23,"column":9}},"type":"if","locations":[{"start":{"line":20,"column":8},"end":{"line":23,"column":9}},{"start":{},"end":{}}],"line":20},"5":{"loc":{"start":{"line":24,"column":8},"end":{"line":27,"column":9}},"type":"if","locations":[{"start":{"line":24,"column":8},"end":{"line":27,"column":9}},{"start":{},"end":{}}],"line":24},"6":{"loc":{"start":{"line":28,"column":8},"end":{"line":30,"column":9}},"type":"if","locations":[{"start":{"line":28,"column":8},"end":{"line":30,"column":9}},{"start":{},"end":{}}],"line":28},"7":{"loc":{"start":{"line":34,"column":8},"end":{"line":36,"column":9}},"type":"if","locations":[{"start":{"line":34,"column":8},"end":{"line":36,"column":9}},{"start":{},"end":{}}],"line":34},"8":{"loc":{"start":{"line":34,"column":12},"end":{"line":34,"column":78}},"type":"binary-expr","locations":[{"start":{"line":34,"column":12},"end":{"line":34,"column":42}},{"start":{"line":34,"column":46},"end":{"line":34,"column":78}}],"line":34},"9":{"loc":{"start":{"line":37,"column":8},"end":{"line":39,"column":9}},"type":"if","locations":[{"start":{"line":37,"column":8},"end":{"line":39,"column":9}},{"start":{},"end":{}}],"line":37},"10":{"loc":{"start":{"line":92,"column":36},"end":{"line":92,"column":54}},"type":"binary-expr","locations":[{"start":{"line":92,"column":36},"end":{"line":92,"column":48}},{"start":{"line":92,"column":52},"end":{"line":92,"column":54}}],"line":92}},"s":{"0":1,"1":1,"2":1,"3":1,"4":1,"5":1,"6":12,"7":12,"8":12,"9":12,"10":12,"11":12,"12":12,"13":12,"14":3,"15":1,"16":1,"17":3,"18":1,"19":1,"20":3,"21":3,"22":3,"23":6,"24":2,"25":4,"26":1,"27":3,"28":6,"29":6,"30":3,"31":1,"32":1,"33":1,"34":7,"35":4,"36":5,"37":1,"38":3,"39":1,"40":1,"41":1,"42":1,"43":1,"44":1,"45":1,"46":1,"47":1,"48":1,"49":1,"50":1},"f":{"0":12,"1":3,"2":6,"3":6,"4":3,"5":1,"6":1,"7":1,"8":7,"9":4,"10":5,"11":1,"12":3,"13":1,"14":1,"15":1},"b":{"0":[12,12],"1":[12,12],"2":[12,12],"3":[12,12],"4":[1,2],"5":[1,2],"6":[3,0],"7":[2,4],"8":[6,5],"9":[1,3],"10":[1,0]},"inputSourceMap":null,"_coverageSchema":"1a1c01bbd47fc00a2c39e90264f33305004495a9","hash":"220642c1a54ade51c5d69f92b7e6aa26d2e152ba"}
,"/home/msgiotto/code/fiap-soat/challenge5-app-status/dist/src/Core/Entity/Enum/ProcessingStatusEnum.js": {"path":"/home/msgiotto/code/fiap-soat/challenge5-app-status/dist/src/Core/Entity/Enum/ProcessingStatusEnum.js","statementMap":{"0":{"start":{"line":2,"column":0},"end":{"line":2,"column":62}},"1":{"start":{"line":3,"column":0},"end":{"line":3,"column":38}},"2":{"start":{"line":5,"column":0},"end":{"line":11,"column":87}},"3":{"start":{"line":6,"column":4},"end":{"line":6,"column":56}},"4":{"start":{"line":7,"column":4},"end":{"line":7,"column":54}},"5":{"start":{"line":8,"column":4},"end":{"line":8,"column":56}},"6":{"start":{"line":9,"column":4},"end":{"line":9,"column":52}},"7":{"start":{"line":10,"column":4},"end":{"line":10,"column":44}}},"fnMap":{"0":{"name":"(anonymous_0)","decl":{"start":{"line":5,"column":1},"end":{"line":5,"column":2}},"loc":{"start":{"line":5,"column":33},"end":{"line":11,"column":1}},"line":5}},"branchMap":{"0":{"loc":{"start":{"line":11,"column":3},"end":{"line":11,"column":85}},"type":"binary-expr","locations":[{"start":{"line":11,"column":3},"end":{"line":11,"column":23}},{"start":{"line":11,"column":28},"end":{"line":11,"column":84}}],"line":11}},"s":{"0":2,"1":2,"2":2,"3":2,"4":2,"5":2,"6":2,"7":2},"f":{"0":2},"b":{"0":[2,2]},"inputSourceMap":null,"_coverageSchema":"1a1c01bbd47fc00a2c39e90264f33305004495a9","hash":"ed85e50dbc6ae9efb965a079e7fddf4ad2b57e08"}
,"/home/msgiotto/code/fiap-soat/challenge5-app-status/dist/src/Core/Entity/ValueObject/ErrorMsgValueObject.js": {"path":"/home/msgiotto/code/fiap-soat/challenge5-app-status/dist/src/Core/Entity/ValueObject/ErrorMsgValueObject.js","statementMap":{"0":{"start":{"line":2,"column":0},"end":{"line":2,"column":62}},"1":{"start":{"line":3,"column":0},"end":{"line":3,"column":37}},"2":{"start":{"line":6,"column":8},"end":{"line":6,"column":31}},"3":{"start":{"line":7,"column":8},"end":{"line":7,"column":29}},"4":{"start":{"line":8,"column":8},"end":{"line":8,"column":35}},"5":{"start":{"line":9,"column":8},"end":{"line":9,"column":47}},"6":{"start":{"line":10,"column":8},"end":{"line":10,"column":33}},"7":{"start":{"line":13,"column":8},"end":{"line":13,"column":28}},"8":{"start":{"line":16,"column":8},"end":{"line":16,"column":27}},"9":{"start":{"line":19,"column":8},"end":{"line":19,"column":30}},"10":{"start":{"line":22,"column":8},"end":{"line":22,"column":36}},"11":{"start":{"line":25,"column":8},"end":{"line":25,"column":29}},"12":{"start":{"line":28,"column":8},"end":{"line":34,"column":10}},"13":{"start":{"line":37,"column":0},"end":{"line":37,"column":50}}},"fnMap":{"0":{"name":"(anonymous_0)","decl":{"start":{"line":5,"column":4},"end":{"line":5,"column":5}},"loc":{"start":{"line":5,"column":71},"end":{"line":11,"column":5}},"line":5},"1":{"name":"(anonymous_1)","decl":{"start":{"line":12,"column":4},"end":{"line":12,"column":5}},"loc":{"start":{"line":12,"column":17},"end":{"line":14,"column":5}},"line":12},"2":{"name":"(anonymous_2)","decl":{"start":{"line":15,"column":4},"end":{"line":15,"column":5}},"loc":{"start":{"line":15,"column":16},"end":{"line":17,"column":5}},"line":15},"3":{"name":"(anonymous_3)","decl":{"start":{"line":18,"column":4},"end":{"line":18,"column":5}},"loc":{"start":{"line":18,"column":19},"end":{"line":20,"column":5}},"line":18},"4":{"name":"(anonymous_4)","decl":{"start":{"line":21,"column":4},"end":{"line":21,"column":5}},"loc":{"start":{"line":21,"column":25},"end":{"line":23,"column":5}},"line":21},"5":{"name":"(anonymous_5)","decl":{"start":{"line":24,"column":4},"end":{"line":24,"column":5}},"loc":{"start":{"line":24,"column":18},"end":{"line":26,"column":5}},"line":24},"6":{"name":"(anonymous_6)","decl":{"start":{"line":27,"column":4},"end":{"line":27,"column":5}},"loc":{"start":{"line":27,"column":13},"end":{"line":35,"column":5}},"line":27}},"branchMap":{},"s":{"0":1,"1":1,"2":11,"3":11,"4":11,"5":11,"6":11,"7":1,"8":1,"9":2,"10":1,"11":2,"12":2,"13":1},"f":{"0":11,"1":1,"2":1,"3":2,"4":1,"5":2,"6":2},"b":{},"inputSourceMap":null,"_coverageSchema":"1a1c01bbd47fc00a2c39e90264f33305004495a9","hash":"f0813fa5159d1bce845e8d6666f1317f322a420d"}
,"/home/msgiotto/code/fiap-soat/challenge5-app-status/dist/src/Core/Entity/ValueObject/ProcessingConfigValueObject.js": {"path":"/home/msgiotto/code/fiap-soat/challenge5-app-status/dist/src/Core/Entity/ValueObject/ProcessingConfigValueObject.js","statementMap":{"0":{"start":{"line":2,"column":0},"end":{"line":2,"column":62}},"1":{"start":{"line":3,"column":0},"end":{"line":3,"column":45}},"2":{"start":{"line":6,"column":8},"end":{"line":6,"column":41}},"3":{"start":{"line":7,"column":8},"end":{"line":7,"column":37}},"4":{"start":{"line":8,"column":8},"end":{"line":8,"column":33}},"5":{"start":{"line":11,"column":8},"end":{"line":11,"column":33}},"6":{"start":{"line":14,"column":8},"end":{"line":14,"column":31}},"7":{"start":{"line":17,"column":8},"end":{"line":17,"column":29}},"8":{"start":{"line":20,"column":8},"end":{"line":24,"column":10}},"9":{"start":{"line":27,"column":8},"end":{"line":27,"column":96}},"10":{"start":{"line":30,"column":0},"end":{"line":30,"column":66}}},"fnMap":{"0":{"name":"(anonymous_0)","decl":{"start":{"line":5,"column":4},"end":{"line":5,"column":5}},"loc":{"start":{"line":5,"column":52},"end":{"line":9,"column":5}},"line":5},"1":{"name":"(anonymous_1)","decl":{"start":{"line":10,"column":4},"end":{"line":10,"column":5}},"loc":{"start":{"line":10,"column":22},"end":{"line":12,"column":5}},"line":10},"2":{"name":"(anonymous_2)","decl":{"start":{"line":13,"column":4},"end":{"line":13,"column":5}},"loc":{"start":{"line":13,"column":20},"end":{"line":15,"column":5}},"line":13},"3":{"name":"(anonymous_3)","decl":{"start":{"line":16,"column":4},"end":{"line":16,"column":5}},"loc":{"start":{"line":16,"column":18},"end":{"line":18,"column":5}},"line":16},"4":{"name":"(anonymous_4)","decl":{"start":{"line":19,"column":4},"end":{"line":19,"column":5}},"loc":{"start":{"line":19,"column":12},"end":{"line":25,"column":5}},"line":19},"5":{"name":"(anonymous_5)","decl":{"start":{"line":26,"column":4},"end":{"line":26,"column":5}},"loc":{"start":{"line":26,"column":24},"end":{"line":28,"column":5}},"line":26}},"branchMap":{},"s":{"0":1,"1":1,"2":3,"3":3,"4":3,"5":0,"6":0,"7":0,"8":1,"9":3,"10":1},"f":{"0":3,"1":0,"2":0,"3":0,"4":1,"5":3},"b":{},"inputSourceMap":null,"_coverageSchema":"1a1c01bbd47fc00a2c39e90264f33305004495a9","hash":"3fa0a5ae839b9b9242061a5c1b3ec26253159e9d"}
,"/home/msgiotto/code/fiap-soat/challenge5-app-status/dist/src/Core/Entity/ValueObject/UserValueObject.js": {"path":"/home/msgiotto/code/fiap-soat/challenge5-app-status/dist/src/Core/Entity/ValueObject/UserValueObject.js","statementMap":{"0":{"start":{"line":2,"column":0},"end":{"line":2,"column":62}},"1":{"start":{"line":3,"column":0},"end":{"line":3,"column":33}},"2":{"start":{"line":6,"column":8},"end":{"line":6,"column":29}},"3":{"start":{"line":7,"column":8},"end":{"line":7,"column":27}},"4":{"start":{"line":10,"column":8},"end":{"line":10,"column":27}},"5":{"start":{"line":13,"column":8},"end":{"line":13,"column":26}},"6":{"start":{"line":16,"column":8},"end":{"line":19,"column":10}},"7":{"start":{"line":22,"column":8},"end":{"line":22,"column":62}},"8":{"start":{"line":25,"column":0},"end":{"line":25,"column":42}}},"fnMap":{"0":{"name":"(anonymous_0)","decl":{"start":{"line":5,"column":4},"end":{"line":5,"column":5}},"loc":{"start":{"line":5,"column":31},"end":{"line":8,"column":5}},"line":5},"1":{"name":"(anonymous_1)","decl":{"start":{"line":9,"column":4},"end":{"line":9,"column":5}},"loc":{"start":{"line":9,"column":16},"end":{"line":11,"column":5}},"line":9},"2":{"name":"(anonymous_2)","decl":{"start":{"line":12,"column":4},"end":{"line":12,"column":5}},"loc":{"start":{"line":12,"column":15},"end":{"line":14,"column":5}},"line":12},"3":{"name":"(anonymous_3)","decl":{"start":{"line":15,"column":4},"end":{"line":15,"column":5}},"loc":{"start":{"line":15,"column":12},"end":{"line":20,"column":5}},"line":15},"4":{"name":"(anonymous_4)","decl":{"start":{"line":21,"column":4},"end":{"line":21,"column":5}},"loc":{"start":{"line":21,"column":24},"end":{"line":23,"column":5}},"line":21}},"branchMap":{},"s":{"0":1,"1":1,"2":3,"3":3,"4":0,"5":2,"6":1,"7":3,"8":1},"f":{"0":3,"1":0,"2":2,"3":1,"4":3},"b":{},"inputSourceMap":null,"_coverageSchema":"1a1c01bbd47fc00a2c39e90264f33305004495a9","hash":"00bc34f03e30f6abb1a9d14cb84b2939bf12d78e"}
,"/home/msgiotto/code/fiap-soat/challenge5-app-status/dist/src/Core/Entity/ValueObject/VideoValueObject.js": {"path":"/home/msgiotto/code/fiap-soat/challenge5-app-status/dist/src/Core/Entity/ValueObject/VideoValueObject.js","statementMap":{"0":{"start":{"line":2,"column":0},"end":{"line":2,"column":62}},"1":{"start":{"line":3,"column":0},"end":{"line":3,"column":34}},"2":{"start":{"line":6,"column":8},"end":{"line":6,"column":21}},"3":{"start":{"line":7,"column":8},"end":{"line":7,"column":29}},"4":{"start":{"line":8,"column":8},"end":{"line":8,"column":35}},"5":{"start":{"line":9,"column":8},"end":{"line":9,"column":33}},"6":{"start":{"line":10,"column":8},"end":{"line":10,"column":33}},"7":{"start":{"line":11,"column":8},"end":{"line":11,"column":33}},"8":{"start":{"line":12,"column":8},"end":{"line":12,"column":33}},"9":{"start":{"line":13,"column":8},"end":{"line":13,"column":35}},"10":{"start":{"line":16,"column":8},"end":{"line":16,"column":23}},"11":{"start":{"line":19,"column":8},"end":{"line":19,"column":27}},"12":{"start":{"line":22,"column":8},"end":{"line":22,"column":30}},"13":{"start":{"line":25,"column":8},"end":{"line":25,"column":29}},"14":{"start":{"line":28,"column":8},"end":{"line":28,"column":29}},"15":{"start":{"line":31,"column":8},"end":{"line":31,"column":29}},"16":{"start":{"line":34,"column":8},"end":{"line":34,"column":29}},"17":{"start":{"line":37,"column":8},"end":{"line":37,"column":30}},"18":{"start":{"line":40,"column":8},"end":{"line":49,"column":10}},"19":{"start":{"line":52,"column":8},"end":{"line":52,"column":191}},"20":{"start":{"line":55,"column":0},"end":{"line":55,"column":44}}},"fnMap":{"0":{"name":"(anonymous_0)","decl":{"start":{"line":5,"column":4},"end":{"line":5,"column":5}},"loc":{"start":{"line":5,"column":90},"end":{"line":14,"column":5}},"line":5},"1":{"name":"(anonymous_1)","decl":{"start":{"line":15,"column":4},"end":{"line":15,"column":5}},"loc":{"start":{"line":15,"column":12},"end":{"line":17,"column":5}},"line":15},"2":{"name":"(anonymous_2)","decl":{"start":{"line":18,"column":4},"end":{"line":18,"column":5}},"loc":{"start":{"line":18,"column":16},"end":{"line":20,"column":5}},"line":18},"3":{"name":"(anonymous_3)","decl":{"start":{"line":21,"column":4},"end":{"line":21,"column":5}},"loc":{"start":{"line":21,"column":19},"end":{"line":23,"column":5}},"line":21},"4":{"name":"(anonymous_4)","decl":{"start":{"line":24,"column":4},"end":{"line":24,"column":5}},"loc":{"start":{"line":24,"column":18},"end":{"line":26,"column":5}},"line":24},"5":{"name":"(anonymous_5)","decl":{"start":{"line":27,"column":4},"end":{"line":27,"column":5}},"loc":{"start":{"line":27,"column":18},"end":{"line":29,"column":5}},"line":27},"6":{"name":"(anonymous_6)","decl":{"start":{"line":30,"column":4},"end":{"line":30,"column":5}},"loc":{"start":{"line":30,"column":18},"end":{"line":32,"column":5}},"line":30},"7":{"name":"(anonymous_7)","decl":{"start":{"line":33,"column":4},"end":{"line":33,"column":5}},"loc":{"start":{"line":33,"column":18},"end":{"line":35,"column":5}},"line":33},"8":{"name":"(anonymous_8)","decl":{"start":{"line":36,"column":4},"end":{"line":36,"column":5}},"loc":{"start":{"line":36,"column":19},"end":{"line":38,"column":5}},"line":36},"9":{"name":"(anonymous_9)","decl":{"start":{"line":39,"column":4},"end":{"line":39,"column":5}},"loc":{"start":{"line":39,"column":12},"end":{"line":50,"column":5}},"line":39},"10":{"name":"(anonymous_10)","decl":{"start":{"line":51,"column":4},"end":{"line":51,"column":5}},"loc":{"start":{"line":51,"column":29},"end":{"line":53,"column":5}},"line":51}},"branchMap":{},"s":{"0":1,"1":1,"2":3,"3":3,"4":3,"5":3,"6":3,"7":3,"8":3,"9":3,"10":0,"11":0,"12":0,"13":0,"14":0,"15":0,"16":0,"17":0,"18":1,"19":3,"20":1},"f":{"0":3,"1":0,"2":0,"3":0,"4":0,"5":0,"6":0,"7":0,"8":0,"9":1,"10":3},"b":{},"inputSourceMap":null,"_coverageSchema":"1a1c01bbd47fc00a2c39e90264f33305004495a9","hash":"194a1e943450bc8596ddc4d05bdad994f5b69012"}
,"/home/msgiotto/code/fiap-soat/challenge5-app-status/src/Application/Controller/ErrorQueueHandler.ts": {"path":"/home/msgiotto/code/fiap-soat/challenge5-app-status/src/Application/Controller/ErrorQueueHandler.ts","statementMap":{"0":{"start":{"line":1,"column":0},"end":{"line":1,"column":70}},"1":{"start":{"line":7,"column":0},"end":{"line":7,"column":75}},"2":{"start":{"line":11,"column":21},"end":{"line":11,"column":48}},"3":{"start":{"line":12,"column":21},"end":{"line":12,"column":63}},"4":{"start":{"line":13,"column":21},"end":{"line":13,"column":75}},"5":{"start":{"line":14,"column":21},"end":{"line":14,"column":54}},"6":{"start":{"line":19,"column":6},"end":{"line":19,"column":51}},"7":{"start":{"line":20,"column":4},"end":{"line":47,"column":5}},"8":{"start":{"line":21,"column":6},"end":{"line":44,"column":7}},"9":{"start":{"line":22,"column":8},"end":{"line":22,"column":60}},"10":{"start":{"line":23,"column":34},"end":{"line":23,"column":82}},"11":{"start":{"line":24,"column":40},"end":{"line":24,"column":117}},"12":{"start":{"line":25,"column":8},"end":{"line":27,"column":9}},"13":{"start":{"line":26,"column":10},"end":{"line":26,"column":60}},"14":{"start":{"line":29,"column":8},"end":{"line":36,"column":9}},"15":{"start":{"line":30,"column":10},"end":{"line":34,"column":null}},"16":{"start":{"line":35,"column":10},"end":{"line":35,"column":17}},"17":{"start":{"line":39,"column":8},"end":{"line":39,"column":111}},"18":{"start":{"line":43,"column":8},"end":{"line":43,"column":39}},"19":{"start":{"line":46,"column":6},"end":{"line":46,"column":58}},"20":{"start":{"line":9,"column":0},"end":{"line":9,"column":13}}},"fnMap":{"0":{"name":"(anonymous_0)","decl":{"start":{"line":10,"column":2},"end":{"line":10,"column":null}},"loc":{"start":{"line":14,"column":54},"end":{"line":15,"column":6}}},"1":{"name":"(anonymous_1)","decl":{"start":{"line":17,"column":2},"end":{"line":17,"column":7}},"loc":{"start":{"line":17,"column":14},"end":{"line":48,"column":3}}}},"branchMap":{"0":{"loc":{"start":{"line":20,"column":4},"end":{"line":47,"column":5}},"type":"if","locations":[{"start":{"line":20,"column":4},"end":{"line":47,"column":5}},{"start":{"line":45,"column":11},"end":{"line":47,"column":5}}]},"1":{"loc":{"start":{"line":25,"column":8},"end":{"line":27,"column":9}},"type":"if","locations":[{"start":{"line":25,"column":8},"end":{"line":27,"column":9}}]},"2":{"loc":{"start":{"line":29,"column":8},"end":{"line":36,"column":9}},"type":"if","locations":[{"start":{"line":29,"column":8},"end":{"line":36,"column":9}}]},"3":{"loc":{"start":{"line":31,"column":12},"end":{"line":31,"column":53}},"type":"binary-expr","locations":[{"start":{"line":31,"column":12},"end":{"line":31,"column":47}},{"start":{"line":31,"column":51},"end":{"line":31,"column":53}}]}},"s":{"0":1,"1":1,"2":5,"3":5,"4":5,"5":5,"6":5,"7":5,"8":4,"9":4,"10":4,"11":4,"12":3,"13":1,"14":2,"15":1,"16":1,"17":1,"18":2,"19":1,"20":1},"f":{"0":5,"1":5},"b":{"0":[4,1],"1":[1],"2":[1],"3":[1,0]}}
,"/home/msgiotto/code/fiap-soat/challenge5-app-status/src/Application/Controller/ProcessingController.ts": {"path":"/home/msgiotto/code/fiap-soat/challenge5-app-status/src/Application/Controller/ProcessingController.ts","statementMap":{"0":{"start":{"line":7,"column":0},"end":{"line":7,"column":75}},"1":{"start":{"line":8,"column":0},"end":{"line":8,"column":67}},"2":{"start":{"line":13,"column":8},"end":{"line":24,"column":9}},"3":{"start":{"line":14,"column":38},"end":{"line":14,"column":81}},"4":{"start":{"line":15,"column":35},"end":{"line":15,"column":96}},"5":{"start":{"line":16,"column":12},"end":{"line":18,"column":13}},"6":{"start":{"line":17,"column":16},"end":{"line":17,"column":55}},"7":{"start":{"line":20,"column":12},"end":{"line":20,"column":85}},"8":{"start":{"line":23,"column":12},"end":{"line":23,"column":43}},"9":{"start":{"line":28,"column":8},"end":{"line":39,"column":9}},"10":{"start":{"line":29,"column":38},"end":{"line":29,"column":81}},"11":{"start":{"line":30,"column":35},"end":{"line":30,"column":110}},"12":{"start":{"line":31,"column":12},"end":{"line":33,"column":13}},"13":{"start":{"line":32,"column":16},"end":{"line":32,"column":55}},"14":{"start":{"line":35,"column":12},"end":{"line":35,"column":85}},"15":{"start":{"line":38,"column":12},"end":{"line":38,"column":43}},"16":{"start":{"line":43,"column":8},"end":{"line":54,"column":9}},"17":{"start":{"line":44,"column":38},"end":{"line":44,"column":81}},"18":{"start":{"line":45,"column":31},"end":{"line":45,"column":102}},"19":{"start":{"line":46,"column":12},"end":{"line":48,"column":13}},"20":{"start":{"line":47,"column":16},"end":{"line":47,"column":55}},"21":{"start":{"line":50,"column":12},"end":{"line":50,"column":77}},"22":{"start":{"line":53,"column":12},"end":{"line":53,"column":43}},"23":{"start":{"line":58,"column":8},"end":{"line":74,"column":9}},"24":{"start":{"line":59,"column":39},"end":{"line":59,"column":52}},"25":{"start":{"line":60,"column":37},"end":{"line":60,"column":49}},"26":{"start":{"line":61,"column":51},"end":{"line":61,"column":65}},"27":{"start":{"line":62,"column":12},"end":{"line":64,"column":13}},"28":{"start":{"line":63,"column":16},"end":{"line":63,"column":51}},"29":{"start":{"line":65,"column":38},"end":{"line":65,"column":81}},"30":{"start":{"line":66,"column":38},"end":{"line":66,"column":128}},"31":{"start":{"line":67,"column":12},"end":{"line":69,"column":13}},"32":{"start":{"line":68,"column":16},"end":{"line":68,"column":57}},"33":{"start":{"line":70,"column":12},"end":{"line":70,"column":89}},"34":{"start":{"line":73,"column":12},"end":{"line":73,"column":43}},"35":{"start":{"line":78,"column":8},"end":{"line":92,"column":9}},"36":{"start":{"line":79,"column":44},"end":{"line":79,"column":51}},"37":{"start":{"line":80,"column":12},"end":{"line":82,"column":13}},"38":{"start":{"line":81,"column":16},"end":{"line":81,"column":51}},"39":{"start":{"line":83,"column":38},"end":{"line":83,"column":81}},"40":{"start":{"line":84,"column":44},"end":{"line":84,"column":123}},"41":{"start":{"line":85,"column":12},"end":{"line":87,"column":13}},"42":{"start":{"line":86,"column":16},"end":{"line":86,"column":64}},"43":{"start":{"line":88,"column":12},"end":{"line":88,"column":95}},"44":{"start":{"line":91,"column":12},"end":{"line":91,"column":43}},"45":{"start":{"line":96,"column":8},"end":{"line":110,"column":9}},"46":{"start":{"line":97,"column":42},"end":{"line":97,"column":49}},"47":{"start":{"line":98,"column":12},"end":{"line":100,"column":13}},"48":{"start":{"line":99,"column":16},"end":{"line":99,"column":51}},"49":{"start":{"line":101,"column":38},"end":{"line":101,"column":81}},"50":{"start":{"line":102,"column":44},"end":{"line":102,"column":121}},"51":{"start":{"line":103,"column":12},"end":{"line":105,"column":13}},"52":{"start":{"line":104,"column":16},"end":{"line":104,"column":66}},"53":{"start":{"line":106,"column":12},"end":{"line":106,"column":95}},"54":{"start":{"line":109,"column":12},"end":{"line":109,"column":43}},"55":{"start":{"line":10,"column":0},"end":{"line":10,"column":13}}},"fnMap":{"0":{"name":"(anonymous_0)","decl":{"start":{"line":12,"column":11},"end":{"line":12,"column":17}},"loc":{"start":{"line":12,"column":70},"end":{"line":25,"column":5}}},"1":{"name":"(anonymous_1)","decl":{"start":{"line":27,"column":11},"end":{"line":27,"column":17}},"loc":{"start":{"line":27,"column":92},"end":{"line":40,"column":5}}},"2":{"name":"(anonymous_2)","decl":{"start":{"line":42,"column":11},"end":{"line":42,"column":17}},"loc":{"start":{"line":42,"column":94},"end":{"line":55,"column":5}}},"3":{"name":"(anonymous_3)","decl":{"start":{"line":57,"column":11},"end":{"line":57,"column":17}},"loc":{"start":{"line":57,"column":83},"end":{"line":75,"column":5}}},"4":{"name":"(anonymous_4)","decl":{"start":{"line":77,"column":11},"end":{"line":77,"column":17}},"loc":{"start":{"line":77,"column":91},"end":{"line":93,"column":5}}},"5":{"name":"(anonymous_5)","decl":{"start":{"line":95,"column":11},"end":{"line":95,"column":17}},"loc":{"start":{"line":95,"column":90},"end":{"line":111,"column":5}}}},"branchMap":{"0":{"loc":{"start":{"line":16,"column":12},"end":{"line":18,"column":13}},"type":"if","locations":[{"start":{"line":16,"column":12},"end":{"line":18,"column":13}}]},"1":{"loc":{"start":{"line":31,"column":12},"end":{"line":33,"column":13}},"type":"if","locations":[{"start":{"line":31,"column":12},"end":{"line":33,"column":13}}]},"2":{"loc":{"start":{"line":46,"column":12},"end":{"line":48,"column":13}},"type":"if","locations":[{"start":{"line":46,"column":12},"end":{"line":48,"column":13}}]},"3":{"loc":{"start":{"line":62,"column":12},"end":{"line":64,"column":13}},"type":"if","locations":[{"start":{"line":62,"column":12},"end":{"line":64,"column":13}}]},"4":{"loc":{"start":{"line":62,"column":16},"end":{"line":62,"column":51}},"type":"binary-expr","locations":[{"start":{"line":62,"column":16},"end":{"line":62,"column":25}},{"start":{"line":62,"column":29},"end":{"line":62,"column":37}},{"start":{"line":62,"column":41},"end":{"line":62,"column":51}}]},"5":{"loc":{"start":{"line":67,"column":12},"end":{"line":69,"column":13}},"type":"if","locations":[{"start":{"line":67,"column":12},"end":{"line":69,"column":13}}]},"6":{"loc":{"start":{"line":80,"column":12},"end":{"line":82,"column":13}},"type":"if","locations":[{"start":{"line":80,"column":12},"end":{"line":82,"column":13}}]},"7":{"loc":{"start":{"line":85,"column":12},"end":{"line":87,"column":13}},"type":"if","locations":[{"start":{"line":85,"column":12},"end":{"line":87,"column":13}}]},"8":{"loc":{"start":{"line":98,"column":12},"end":{"line":100,"column":13}},"type":"if","locations":[{"start":{"line":98,"column":12},"end":{"line":100,"column":13}}]},"9":{"loc":{"start":{"line":103,"column":12},"end":{"line":105,"column":13}},"type":"if","locations":[{"start":{"line":103,"column":12},"end":{"line":105,"column":13}}]}},"s":{"0":3,"1":3,"2":3,"3":3,"4":3,"5":2,"6":1,"7":1,"8":2,"9":3,"10":3,"11":3,"12":2,"13":1,"14":1,"15":2,"16":3,"17":3,"18":3,"19":2,"20":1,"21":1,"22":2,"23":4,"24":4,"25":4,"26":4,"27":4,"28":1,"29":3,"30":3,"31":2,"32":1,"33":1,"34":3,"35":4,"36":4,"37":4,"38":1,"39":3,"40":3,"41":2,"42":1,"43":1,"44":3,"45":4,"46":4,"47":4,"48":1,"49":3,"50":3,"51":2,"52":1,"53":1,"54":3,"55":3},"f":{"0":3,"1":3,"2":3,"3":4,"4":4,"5":4},"b":{"0":[1],"1":[1],"2":[1],"3":[1],"4":[4,3,3],"5":[1],"6":[1],"7":[1],"8":[1],"9":[1]}}
,"/home/msgiotto/code/fiap-soat/challenge5-app-status/src/Application/Controller/ProcessingQueueHandler.ts": {"path":"/home/msgiotto/code/fiap-soat/challenge5-app-status/src/Application/Controller/ProcessingQueueHandler.ts","statementMap":{"0":{"start":{"line":4,"column":0},"end":{"line":4,"column":75}},"1":{"start":{"line":8,"column":21},"end":{"line":8,"column":48}},"2":{"start":{"line":9,"column":21},"end":{"line":9,"column":68}},"3":{"start":{"line":14,"column":6},"end":{"line":14,"column":56}},"4":{"start":{"line":15,"column":4},"end":{"line":29,"column":5}},"5":{"start":{"line":16,"column":6},"end":{"line":26,"column":7}},"6":{"start":{"line":17,"column":8},"end":{"line":17,"column":75}},"7":{"start":{"line":18,"column":34},"end":{"line":18,"column":82}},"8":{"start":{"line":19,"column":34},"end":{"line":19,"column":160}},"9":{"start":{"line":20,"column":8},"end":{"line":22,"column":9}},"10":{"start":{"line":21,"column":12},"end":{"line":21,"column":53}},"11":{"start":{"line":25,"column":8},"end":{"line":25,"column":39}},"12":{"start":{"line":28,"column":6},"end":{"line":28,"column":71}},"13":{"start":{"line":6,"column":0},"end":{"line":6,"column":13}}},"fnMap":{"0":{"name":"(anonymous_0)","decl":{"start":{"line":7,"column":2},"end":{"line":7,"column":null}},"loc":{"start":{"line":9,"column":68},"end":{"line":10,"column":6}}},"1":{"name":"(anonymous_1)","decl":{"start":{"line":12,"column":2},"end":{"line":12,"column":7}},"loc":{"start":{"line":12,"column":14},"end":{"line":30,"column":3}}}},"branchMap":{"0":{"loc":{"start":{"line":15,"column":4},"end":{"line":29,"column":5}},"type":"if","locations":[{"start":{"line":15,"column":4},"end":{"line":29,"column":5}},{"start":{"line":27,"column":11},"end":{"line":29,"column":5}}]},"1":{"loc":{"start":{"line":20,"column":8},"end":{"line":22,"column":9}},"type":"if","locations":[{"start":{"line":20,"column":8},"end":{"line":22,"column":9}}]}},"s":{"0":1,"1":4,"2":4,"3":4,"4":4,"5":3,"6":3,"7":3,"8":3,"9":2,"10":1,"11":2,"12":1,"13":1},"f":{"0":4,"1":4},"b":{"0":[3,1],"1":[1]}}
,"/home/msgiotto/code/fiap-soat/challenge5-app-status/src/Application/Controller/StatusQueueHandler.ts": {"path":"/home/msgiotto/code/fiap-soat/challenge5-app-status/src/Application/Controller/StatusQueueHandler.ts","statementMap":{"0":{"start":{"line":4,"column":0},"end":{"line":4,"column":75}},"1":{"start":{"line":8,"column":21},"end":{"line":8,"column":48}},"2":{"start":{"line":9,"column":21},"end":{"line":9,"column":64}},"3":{"start":{"line":14,"column":6},"end":{"line":14,"column":52}},"4":{"start":{"line":15,"column":4},"end":{"line":29,"column":5}},"5":{"start":{"line":16,"column":6},"end":{"line":26,"column":7}},"6":{"start":{"line":17,"column":8},"end":{"line":17,"column":63}},"7":{"start":{"line":18,"column":34},"end":{"line":18,"column":82}},"8":{"start":{"line":19,"column":40},"end":{"line":19,"column":119}},"9":{"start":{"line":20,"column":8},"end":{"line":22,"column":9}},"10":{"start":{"line":21,"column":12},"end":{"line":21,"column":60}},"11":{"start":{"line":25,"column":8},"end":{"line":25,"column":39}},"12":{"start":{"line":28,"column":6},"end":{"line":28,"column":60}},"13":{"start":{"line":6,"column":0},"end":{"line":6,"column":13}}},"fnMap":{"0":{"name":"(anonymous_0)","decl":{"start":{"line":7,"column":2},"end":{"line":7,"column":null}},"loc":{"start":{"line":9,"column":64},"end":{"line":10,"column":6}}},"1":{"name":"(anonymous_1)","decl":{"start":{"line":12,"column":2},"end":{"line":12,"column":7}},"loc":{"start":{"line":12,"column":14},"end":{"line":30,"column":3}}}},"branchMap":{"0":{"loc":{"start":{"line":15,"column":4},"end":{"line":29,"column":5}},"type":"if","locations":[{"start":{"line":15,"column":4},"end":{"line":29,"column":5}},{"start":{"line":27,"column":11},"end":{"line":29,"column":5}}]},"1":{"loc":{"start":{"line":20,"column":8},"end":{"line":22,"column":9}},"type":"if","locations":[{"start":{"line":20,"column":8},"end":{"line":22,"column":9}}]}},"s":{"0":1,"1":4,"2":4,"3":4,"4":4,"5":3,"6":3,"7":3,"8":3,"9":2,"10":1,"11":2,"12":1,"13":1},"f":{"0":4,"1":4},"b":{"0":[3,1],"1":[1]}}
,"/home/msgiotto/code/fiap-soat/challenge5-app-status/src/Application/Gateway/ProcessingStatusRepoGateway.ts": {"path":"/home/msgiotto/code/fiap-soat/challenge5-app-status/src/Application/Gateway/ProcessingStatusRepoGateway.ts","statementMap":{"0":{"start":{"line":1,"column":0},"end":{"line":1,"column":56}},"1":{"start":{"line":4,"column":0},"end":{"line":4,"column":82}},"2":{"start":{"line":5,"column":0},"end":{"line":5,"column":80}},"3":{"start":{"line":6,"column":0},"end":{"line":6,"column":104}},"4":{"start":{"line":8,"column":0},"end":{"line":8,"column":70}},"5":{"start":{"line":25,"column":33},"end":{"line":25,"column":61}},"6":{"start":{"line":26,"column":8},"end":{"line":38,"column":10}},"7":{"start":{"line":40,"column":8},"end":{"line":81,"column":11}},"8":{"start":{"line":83,"column":8},"end":{"line":83,"column":45}},"9":{"start":{"line":88,"column":8},"end":{"line":88,"column":37}},"10":{"start":{"line":92,"column":8},"end":{"line":117,"column":11}},"11":{"start":{"line":103,"column":12},"end":{"line":116,"column":13}},"12":{"start":{"line":104,"column":16},"end":{"line":113,"column":18}},"13":{"start":{"line":115,"column":16},"end":{"line":115,"column":33}},"14":{"start":{"line":121,"column":27},"end":{"line":125,"column":10}},"15":{"start":{"line":126,"column":8},"end":{"line":128,"column":9}},"16":{"start":{"line":127,"column":12},"end":{"line":127,"column":29}},"17":{"start":{"line":130,"column":26},"end":{"line":130,"column":71}},"18":{"start":{"line":131,"column":25},"end":{"line":131,"column":69}},"19":{"start":{"line":132,"column":27},"end":{"line":132,"column":73}},"20":{"start":{"line":134,"column":8},"end":{"line":160,"column":10}},"21":{"start":{"line":165,"column":31},"end":{"line":165,"column":57}},"22":{"start":{"line":166,"column":8},"end":{"line":168,"column":9}},"23":{"start":{"line":167,"column":12},"end":{"line":167,"column":29}},"24":{"start":{"line":169,"column":8},"end":{"line":200,"column":15}},"25":{"start":{"line":170,"column":30},"end":{"line":170,"column":75}},"26":{"start":{"line":171,"column":29},"end":{"line":171,"column":73}},"27":{"start":{"line":172,"column":31},"end":{"line":172,"column":77}},"28":{"start":{"line":173,"column":12},"end":{"line":199,"column":14}},"29":{"start":{"line":204,"column":31},"end":{"line":208,"column":10}},"30":{"start":{"line":209,"column":8},"end":{"line":211,"column":9}},"31":{"start":{"line":210,"column":12},"end":{"line":210,"column":29}},"32":{"start":{"line":212,"column":8},"end":{"line":243,"column":15}},"33":{"start":{"line":213,"column":30},"end":{"line":213,"column":75}},"34":{"start":{"line":214,"column":29},"end":{"line":214,"column":73}},"35":{"start":{"line":215,"column":31},"end":{"line":215,"column":77}},"36":{"start":{"line":216,"column":12},"end":{"line":242,"column":14}},"37":{"start":{"line":22,"column":0},"end":{"line":22,"column":13}}},"fnMap":{"0":{"name":"(anonymous_0)","decl":{"start":{"line":25,"column":4},"end":{"line":25,"column":33}},"loc":{"start":{"line":25,"column":83},"end":{"line":85,"column":5}}},"1":{"name":"(anonymous_1)","decl":{"start":{"line":87,"column":11},"end":{"line":87,"column":16}},"loc":{"start":{"line":87,"column":22},"end":{"line":89,"column":5}}},"2":{"name":"(anonymous_2)","decl":{"start":{"line":91,"column":11},"end":{"line":91,"column":16}},"loc":{"start":{"line":91,"column":59},"end":{"line":118,"column":5}}},"3":{"name":"(anonymous_3)","decl":{"start":{"line":102,"column":16},"end":{"line":102,"column":17}},"loc":{"start":{"line":102,"column":27},"end":{"line":117,"column":9}}},"4":{"name":"(anonymous_4)","decl":{"start":{"line":120,"column":11},"end":{"line":120,"column":16}},"loc":{"start":{"line":120,"column":55},"end":{"line":162,"column":5}}},"5":{"name":"(anonymous_5)","decl":{"start":{"line":164,"column":11},"end":{"line":164,"column":16}},"loc":{"start":{"line":164,"column":34},"end":{"line":201,"column":5}}},"6":{"name":"(anonymous_6)","decl":{"start":{"line":169,"column":34},"end":{"line":169,"column":35}},"loc":{"start":{"line":169,"column":49},"end":{"line":200,"column":13}}},"7":{"name":"(anonymous_7)","decl":{"start":{"line":203,"column":11},"end":{"line":203,"column":16}},"loc":{"start":{"line":203,"column":55},"end":{"line":244,"column":5}}},"8":{"name":"(anonymous_8)","decl":{"start":{"line":212,"column":34},"end":{"line":212,"column":35}},"loc":{"start":{"line":212,"column":49},"end":{"line":243,"column":13}}}},"branchMap":{"0":{"loc":{"start":{"line":103,"column":12},"end":{"line":116,"column":13}},"type":"if","locations":[{"start":{"line":103,"column":12},"end":{"line":116,"column":13}},{"start":{"line":114,"column":19},"end":{"line":116,"column":13}}]},"1":{"loc":{"start":{"line":126,"column":8},"end":{"line":128,"column":9}},"type":"if","locations":[{"start":{"line":126,"column":8},"end":{"line":128,"column":9}}]},"2":{"loc":{"start":{"line":166,"column":8},"end":{"line":168,"column":9}},"type":"if","locations":[{"start":{"line":166,"column":8},"end":{"line":168,"column":9}}]},"3":{"loc":{"start":{"line":209,"column":8},"end":{"line":211,"column":9}},"type":"if","locations":[{"start":{"line":209,"column":8},"end":{"line":211,"column":9}}]}},"s":{"0":1,"1":1,"2":1,"3":1,"4":1,"5":9,"6":9,"7":9,"8":9,"9":1,"10":2,"11":2,"12":1,"13":1,"14":2,"15":2,"16":1,"17":1,"18":1,"19":1,"20":1,"21":2,"22":2,"23":1,"24":1,"25":2,"26":2,"27":2,"28":2,"29":2,"30":2,"31":1,"32":1,"33":2,"34":2,"35":2,"36":2,"37":1},"f":{"0":9,"1":1,"2":2,"3":2,"4":2,"5":2,"6":2,"7":2,"8":2},"b":{"0":[1,1],"1":[1],"2":[1],"3":[1]}}
,"/home/msgiotto/code/fiap-soat/challenge5-app-status/src/Application/Presenter/ProcessingAdapter.ts": {"path":"/home/msgiotto/code/fiap-soat/challenge5-app-status/src/Application/Presenter/ProcessingAdapter.ts","statementMap":{"0":{"start":{"line":6,"column":8},"end":{"line":6,"column":62}},"1":{"start":{"line":10,"column":8},"end":{"line":10,"column":85}},"2":{"start":{"line":14,"column":8},"end":{"line":14,"column":58}},"3":{"start":{"line":18,"column":8},"end":{"line":20,"column":92}},"4":{"start":{"line":19,"column":41},"end":{"line":19,"column":93}},"5":{"start":{"line":25,"column":8},"end":{"line":34,"column":9}},"6":{"start":{"line":26,"column":12},"end":{"line":26,"column":32}},"7":{"start":{"line":27,"column":15},"end":{"line":34,"column":9}},"8":{"start":{"line":28,"column":12},"end":{"line":28,"column":34}},"9":{"start":{"line":29,"column":15},"end":{"line":34,"column":9}},"10":{"start":{"line":30,"column":12},"end":{"line":30,"column":33}},"11":{"start":{"line":33,"column":12},"end":{"line":33,"column":34}},"12":{"start":{"line":36,"column":8},"end":{"line":45,"column":10}},"13":{"start":{"line":3,"column":0},"end":{"line":3,"column":13}}},"fnMap":{"0":{"name":"(anonymous_0)","decl":{"start":{"line":5,"column":11},"end":{"line":5,"column":17}},"loc":{"start":{"line":5,"column":90},"end":{"line":7,"column":5}}},"1":{"name":"(anonymous_1)","decl":{"start":{"line":9,"column":11},"end":{"line":9,"column":17}},"loc":{"start":{"line":9,"column":72},"end":{"line":11,"column":5}}},"2":{"name":"(anonymous_2)","decl":{"start":{"line":13,"column":11},"end":{"line":13,"column":17}},"loc":{"start":{"line":13,"column":92},"end":{"line":15,"column":5}}},"3":{"name":"(anonymous_3)","decl":{"start":{"line":17,"column":11},"end":{"line":17,"column":17}},"loc":{"start":{"line":17,"column":86},"end":{"line":21,"column":5}}},"4":{"name":"(anonymous_4)","decl":{"start":{"line":19,"column":17},"end":{"line":19,"column":18}},"loc":{"start":{"line":19,"column":41},"end":{"line":19,"column":93}}},"5":{"name":"(anonymous_5)","decl":{"start":{"line":23,"column":11},"end":{"line":23,"column":17}},"loc":{"start":{"line":23,"column":84},"end":{"line":46,"column":5}}}},"branchMap":{"0":{"loc":{"start":{"line":25,"column":8},"end":{"line":34,"column":9}},"type":"if","locations":[{"start":{"line":25,"column":8},"end":{"line":34,"column":9}},{"start":{"line":27,"column":15},"end":{"line":34,"column":9}}]},"1":{"loc":{"start":{"line":25,"column":12},"end":{"line":25,"column":96}},"type":"binary-expr","locations":[{"start":{"line":25,"column":12},"end":{"line":25,"column":49}},{"start":{"line":25,"column":53},"end":{"line":25,"column":96}}]},"2":{"loc":{"start":{"line":27,"column":15},"end":{"line":34,"column":9}},"type":"if","locations":[{"start":{"line":27,"column":15},"end":{"line":34,"column":9}},{"start":{"line":29,"column":15},"end":{"line":34,"column":9}}]},"3":{"loc":{"start":{"line":29,"column":15},"end":{"line":34,"column":9}},"type":"if","locations":[{"start":{"line":29,"column":15},"end":{"line":34,"column":9}},{"start":{"line":32,"column":13},"end":{"line":34,"column":9}}]}},"s":{"0":1,"1":1,"2":1,"3":1,"4":2,"5":8,"6":2,"7":6,"8":1,"9":5,"10":1,"11":4,"12":8,"13":4},"f":{"0":1,"1":1,"2":1,"3":1,"4":2,"5":8},"b":{"0":[2,6],"1":[8,7],"2":[1,5],"3":[1,4]}}
,"/home/msgiotto/code/fiap-soat/challenge5-app-status/src/Core/Entity/ProcessingEntity.ts": {"path":"/home/msgiotto/code/fiap-soat/challenge5-app-status/src/Core/Entity/ProcessingEntity.ts","statementMap":{"0":{"start":{"line":1,"column":0},"end":{"line":1,"column":88}},"1":{"start":{"line":2,"column":0},"end":{"line":2,"column":67}},"2":{"start":{"line":3,"column":0},"end":{"line":3,"column":64}},"3":{"start":{"line":4,"column":0},"end":{"line":4,"column":66}},"4":{"start":{"line":19,"column":8},"end":{"line":19,"column":41}},"5":{"start":{"line":20,"column":8},"end":{"line":20,"column":47}},"6":{"start":{"line":21,"column":8},"end":{"line":21,"column":45}},"7":{"start":{"line":22,"column":8},"end":{"line":22,"column":49}},"8":{"start":{"line":23,"column":8},"end":{"line":23,"column":85}},"9":{"start":{"line":24,"column":8},"end":{"line":24,"column":62}},"10":{"start":{"line":25,"column":8},"end":{"line":25,"column":49}},"11":{"start":{"line":26,"column":8},"end":{"line":26,"column":62}},"12":{"start":{"line":30,"column":8},"end":{"line":33,"column":9}},"13":{"start":{"line":31,"column":12},"end":{"line":31,"column":52}},"14":{"start":{"line":32,"column":12},"end":{"line":32,"column":104}},"15":{"start":{"line":34,"column":8},"end":{"line":37,"column":9}},"16":{"start":{"line":35,"column":12},"end":{"line":35,"column":40}},"17":{"start":{"line":36,"column":12},"end":{"line":36,"column":140}},"18":{"start":{"line":38,"column":8},"end":{"line":40,"column":9}},"19":{"start":{"line":39,"column":12},"end":{"line":39,"column":139}},"20":{"start":{"line":41,"column":8},"end":{"line":41,"column":49}},"21":{"start":{"line":45,"column":8},"end":{"line":47,"column":9}},"22":{"start":{"line":46,"column":12},"end":{"line":46,"column":56}},"23":{"start":{"line":48,"column":8},"end":{"line":50,"column":9}},"24":{"start":{"line":49,"column":12},"end":{"line":49,"column":68}},"25":{"start":{"line":51,"column":8},"end":{"line":51,"column":63}},"26":{"start":{"line":55,"column":8},"end":{"line":55,"column":35}},"27":{"start":{"line":56,"column":8},"end":{"line":56,"column":77}},"28":{"start":{"line":60,"column":8},"end":{"line":60,"column":33}},"29":{"start":{"line":64,"column":8},"end":{"line":64,"column":36}},"30":{"start":{"line":68,"column":8},"end":{"line":68,"column":37}},"31":{"start":{"line":72,"column":8},"end":{"line":72,"column":35}},"32":{"start":{"line":76,"column":8},"end":{"line":76,"column":37}},"33":{"start":{"line":80,"column":8},"end":{"line":80,"column":41}},"34":{"start":{"line":84,"column":8},"end":{"line":84,"column":34}},"35":{"start":{"line":88,"column":8},"end":{"line":92,"column":10}},"36":{"start":{"line":96,"column":8},"end":{"line":96,"column":41}},"37":{"start":{"line":100,"column":8},"end":{"line":100,"column":236}},"38":{"start":{"line":104,"column":29},"end":{"line":104,"column":57}},"39":{"start":{"line":105,"column":32},"end":{"line":105,"column":77}},"40":{"start":{"line":106,"column":31},"end":{"line":106,"column":74}},"41":{"start":{"line":107,"column":33},"end":{"line":107,"column":90}},"42":{"start":{"line":108,"column":8},"end":{"line":113,"column":10}},"43":{"start":{"line":117,"column":29},"end":{"line":117,"column":45}},"44":{"start":{"line":118,"column":32},"end":{"line":118,"column":66}},"45":{"start":{"line":119,"column":31},"end":{"line":119,"column":63}},"46":{"start":{"line":120,"column":33},"end":{"line":120,"column":79}},"47":{"start":{"line":121,"column":8},"end":{"line":126,"column":10}},"48":{"start":{"line":8,"column":0},"end":{"line":8,"column":13}}},"fnMap":{"0":{"name":"(anonymous_0)","decl":{"start":{"line":18,"column":4},"end":{"line":18,"column":17}},"loc":{"start":{"line":18,"column":278},"end":{"line":27,"column":5}}},"1":{"name":"(anonymous_1)","decl":{"start":{"line":29,"column":11},"end":{"line":29,"column":30}},"loc":{"start":{"line":29,"column":69},"end":{"line":42,"column":5}}},"2":{"name":"(anonymous_2)","decl":{"start":{"line":44,"column":11},"end":{"line":44,"column":40}},"loc":{"start":{"line":44,"column":75},"end":{"line":52,"column":5}}},"3":{"name":"(anonymous_3)","decl":{"start":{"line":54,"column":11},"end":{"line":54,"column":30}},"loc":{"start":{"line":54,"column":52},"end":{"line":57,"column":5}}},"4":{"name":"(anonymous_4)","decl":{"start":{"line":59,"column":11},"end":{"line":59,"column":26}},"loc":{"start":{"line":59,"column":26},"end":{"line":61,"column":5}}},"5":{"name":"(anonymous_5)","decl":{"start":{"line":63,"column":11},"end":{"line":63,"column":19}},"loc":{"start":{"line":63,"column":19},"end":{"line":65,"column":5}}},"6":{"name":"(anonymous_6)","decl":{"start":{"line":67,"column":11},"end":{"line":67,"column":30}},"loc":{"start":{"line":67,"column":30},"end":{"line":69,"column":5}}},"7":{"name":"(anonymous_7)","decl":{"start":{"line":71,"column":11},"end":{"line":71,"column":18}},"loc":{"start":{"line":71,"column":18},"end":{"line":73,"column":5}}},"8":{"name":"(anonymous_8)","decl":{"start":{"line":75,"column":11},"end":{"line":75,"column":30}},"loc":{"start":{"line":75,"column":30},"end":{"line":77,"column":5}}},"9":{"name":"(anonymous_9)","decl":{"start":{"line":79,"column":11},"end":{"line":79,"column":34}},"loc":{"start":{"line":79,"column":34},"end":{"line":81,"column":5}}},"10":{"name":"(anonymous_10)","decl":{"start":{"line":83,"column":11},"end":{"line":83,"column":27}},"loc":{"start":{"line":83,"column":27},"end":{"line":85,"column":5}}},"11":{"name":"(anonymous_11)","decl":{"start":{"line":87,"column":11},"end":{"line":87,"column":28}},"loc":{"start":{"line":87,"column":28},"end":{"line":93,"column":5}}},"12":{"name":"(anonymous_12)","decl":{"start":{"line":95,"column":11},"end":{"line":95,"column":34}},"loc":{"start":{"line":95,"column":34},"end":{"line":97,"column":5}}},"13":{"name":"(anonymous_13)","decl":{"start":{"line":99,"column":11},"end":{"line":99,"column":23}},"loc":{"start":{"line":99,"column":23},"end":{"line":101,"column":5}}},"14":{"name":"(anonymous_14)","decl":{"start":{"line":103,"column":11},"end":{"line":103,"column":17}},"loc":{"start":{"line":103,"column":54},"end":{"line":114,"column":5}}},"15":{"name":"(anonymous_15)","decl":{"start":{"line":116,"column":11},"end":{"line":116,"column":17}},"loc":{"start":{"line":116,"column":53},"end":{"line":127,"column":5}}}},"branchMap":{"0":{"loc":{"start":{"line":23,"column":32},"end":{"line":23,"column":84}},"type":"binary-expr","locations":[{"start":{"line":23,"column":32},"end":{"line":23,"column":48}},{"start":{"line":23,"column":52},"end":{"line":23,"column":84}}]},"1":{"loc":{"start":{"line":24,"column":36},"end":{"line":24,"column":61}},"type":"binary-expr","locations":[{"start":{"line":24,"column":36},"end":{"line":24,"column":56}},{"start":{"line":24,"column":60},"end":{"line":24,"column":61}}]},"2":{"loc":{"start":{"line":25,"column":29},"end":{"line":25,"column":48}},"type":"binary-expr","locations":[{"start":{"line":25,"column":29},"end":{"line":25,"column":42}},{"start":{"line":25,"column":46},"end":{"line":25,"column":48}}]},"3":{"loc":{"start":{"line":26,"column":36},"end":{"line":26,"column":61}},"type":"binary-expr","locations":[{"start":{"line":26,"column":36},"end":{"line":26,"column":56}},{"start":{"line":26,"column":60},"end":{"line":26,"column":61}}]},"4":{"loc":{"start":{"line":30,"column":8},"end":{"line":33,"column":9}},"type":"if","locations":[{"start":{"line":30,"column":8},"end":{"line":33,"column":9}}]},"5":{"loc":{"start":{"line":34,"column":8},"end":{"line":37,"column":9}},"type":"if","locations":[{"start":{"line":34,"column":8},"end":{"line":37,"column":9}}]},"6":{"loc":{"start":{"line":38,"column":8},"end":{"line":40,"column":9}},"type":"if","locations":[{"start":{"line":38,"column":8},"end":{"line":40,"column":9}}]},"7":{"loc":{"start":{"line":45,"column":8},"end":{"line":47,"column":9}},"type":"if","locations":[{"start":{"line":45,"column":8},"end":{"line":47,"column":9}}]},"8":{"loc":{"start":{"line":45,"column":12},"end":{"line":45,"column":78}},"type":"binary-expr","locations":[{"start":{"line":45,"column":12},"end":{"line":45,"column":42}},{"start":{"line":45,"column":46},"end":{"line":45,"column":78}}]},"9":{"loc":{"start":{"line":48,"column":8},"end":{"line":50,"column":9}},"type":"if","locations":[{"start":{"line":48,"column":8},"end":{"line":50,"column":9}}]},"10":{"loc":{"start":{"line":122,"column":12},"end":{"line":122,"column":30}},"type":"binary-expr","locations":[{"start":{"line":122,"column":12},"end":{"line":122,"column":24}},{"start":{"line":122,"column":28},"end":{"line":122,"column":30}}]}},"s":{"0":9,"1":9,"2":9,"3":9,"4":23,"5":23,"6":23,"7":23,"8":23,"9":23,"10":23,"11":23,"12":10,"13":1,"14":1,"15":10,"16":4,"17":4,"18":10,"19":8,"20":10,"21":8,"22":2,"23":6,"24":1,"25":5,"26":14,"27":14,"28":15,"29":11,"30":11,"31":13,"32":19,"33":14,"34":15,"35":1,"36":11,"37":1,"38":1,"39":1,"40":1,"41":1,"42":1,"43":1,"44":1,"45":1,"46":1,"47":1,"48":9},"f":{"0":23,"1":10,"2":8,"3":14,"4":15,"5":11,"6":11,"7":13,"8":19,"9":14,"10":15,"11":1,"12":11,"13":1,"14":1,"15":1},"b":{"0":[23,16],"1":[23,16],"2":[23,16],"3":[23,16],"4":[1],"5":[4],"6":[8],"7":[2],"8":[8,7],"9":[1],"10":[1,0]}}
,"/home/msgiotto/code/fiap-soat/challenge5-app-status/src/Core/Entity/Enum/ProcessingStatusEnum.ts": {"path":"/home/msgiotto/code/fiap-soat/challenge5-app-status/src/Core/Entity/Enum/ProcessingStatusEnum.ts","statementMap":{"0":{"start":{"line":1,"column":0},"end":{"line":1,"column":null}},"1":{"start":{"line":3,"column":4},"end":{"line":3,"column":null}},"2":{"start":{"line":4,"column":4},"end":{"line":4,"column":null}},"3":{"start":{"line":5,"column":4},"end":{"line":5,"column":null}},"4":{"start":{"line":6,"column":4},"end":{"line":6,"column":null}},"5":{"start":{"line":7,"column":4},"end":{"line":7,"column":null}}},"fnMap":{"0":{"name":"(anonymous_0)","decl":{"start":{"line":1,"column":0},"end":{"line":1,"column":12}},"loc":{"start":{"line":1,"column":32},"end":{"line":9,"column":1}}}},"branchMap":{"0":{"loc":{"start":{"line":1,"column":12},"end":{"line":1,"column":null}},"type":"binary-expr","locations":[{"start":{"line":1,"column":12},"end":{"line":1,"column":32}},{"start":{"line":1,"column":32},"end":{"line":1,"column":null}}]}},"s":{"0":12,"1":12,"2":12,"3":12,"4":12,"5":12},"f":{"0":12},"b":{"0":[12,12]}}
,"/home/msgiotto/code/fiap-soat/challenge5-app-status/src/Core/Entity/ValueObject/ErrorMsgValueObject.ts": {"path":"/home/msgiotto/code/fiap-soat/challenge5-app-status/src/Core/Entity/ValueObject/ErrorMsgValueObject.ts","statementMap":{"0":{"start":{"line":12,"column":8},"end":{"line":12,"column":31}},"1":{"start":{"line":13,"column":8},"end":{"line":13,"column":29}},"2":{"start":{"line":14,"column":8},"end":{"line":14,"column":35}},"3":{"start":{"line":15,"column":8},"end":{"line":15,"column":47}},"4":{"start":{"line":16,"column":8},"end":{"line":16,"column":33}},"5":{"start":{"line":20,"column":8},"end":{"line":20,"column":28}},"6":{"start":{"line":24,"column":8},"end":{"line":24,"column":27}},"7":{"start":{"line":28,"column":8},"end":{"line":28,"column":30}},"8":{"start":{"line":32,"column":8},"end":{"line":32,"column":36}},"9":{"start":{"line":36,"column":8},"end":{"line":36,"column":29}},"10":{"start":{"line":46,"column":8},"end":{"line":52,"column":10}},"11":{"start":{"line":3,"column":0},"end":{"line":3,"column":13}}},"fnMap":{"0":{"name":"(anonymous_0)","decl":{"start":{"line":11,"column":4},"end":{"line":11,"column":16}},"loc":{"start":{"line":11,"column":121},"end":{"line":17,"column":5}}},"1":{"name":"(anonymous_1)","decl":{"start":{"line":19,"column":11},"end":{"line":19,"column":21}},"loc":{"start":{"line":19,"column":21},"end":{"line":21,"column":5}}},"2":{"name":"(anonymous_2)","decl":{"start":{"line":23,"column":11},"end":{"line":23,"column":20}},"loc":{"start":{"line":23,"column":20},"end":{"line":25,"column":5}}},"3":{"name":"(anonymous_3)","decl":{"start":{"line":27,"column":11},"end":{"line":27,"column":23}},"loc":{"start":{"line":27,"column":23},"end":{"line":29,"column":5}}},"4":{"name":"(anonymous_4)","decl":{"start":{"line":31,"column":11},"end":{"line":31,"column":29}},"loc":{"start":{"line":31,"column":29},"end":{"line":33,"column":5}}},"5":{"name":"(anonymous_5)","decl":{"start":{"line":35,"column":11},"end":{"line":35,"column":22}},"loc":{"start":{"line":35,"column":22},"end":{"line":37,"column":5}}},"6":{"name":"(anonymous_6)","decl":{"start":{"line":39,"column":4},"end":{"line":39,"column":10}},"loc":{"start":{"line":39,"column":10},"end":{"line":53,"column":5}}}},"branchMap":{},"s":{"0":11,"1":11,"2":11,"3":11,"4":11,"5":1,"6":1,"7":2,"8":1,"9":2,"10":2,"11":1},"f":{"0":11,"1":1,"2":1,"3":2,"4":1,"5":2,"6":2},"b":{}}
,"/home/msgiotto/code/fiap-soat/challenge5-app-status/src/Core/Entity/ValueObject/ProcessingConfigValueObject.ts": {"path":"/home/msgiotto/code/fiap-soat/challenge5-app-status/src/Core/Entity/ValueObject/ProcessingConfigValueObject.ts","statementMap":{"0":{"start":{"line":8,"column":8},"end":{"line":8,"column":41}},"1":{"start":{"line":9,"column":8},"end":{"line":9,"column":37}},"2":{"start":{"line":10,"column":8},"end":{"line":10,"column":33}},"3":{"start":{"line":14,"column":8},"end":{"line":14,"column":33}},"4":{"start":{"line":18,"column":8},"end":{"line":18,"column":31}},"5":{"start":{"line":22,"column":8},"end":{"line":22,"column":29}},"6":{"start":{"line":26,"column":8},"end":{"line":30,"column":10}},"7":{"start":{"line":34,"column":8},"end":{"line":38,"column":10}},"8":{"start":{"line":1,"column":0},"end":{"line":1,"column":13}}},"fnMap":{"0":{"name":"(anonymous_0)","decl":{"start":{"line":7,"column":4},"end":{"line":7,"column":17}},"loc":{"start":{"line":7,"column":75},"end":{"line":11,"column":5}}},"1":{"name":"(anonymous_1)","decl":{"start":{"line":13,"column":11},"end":{"line":13,"column":26}},"loc":{"start":{"line":13,"column":26},"end":{"line":15,"column":5}}},"2":{"name":"(anonymous_2)","decl":{"start":{"line":17,"column":11},"end":{"line":17,"column":24}},"loc":{"start":{"line":17,"column":24},"end":{"line":19,"column":5}}},"3":{"name":"(anonymous_3)","decl":{"start":{"line":21,"column":11},"end":{"line":21,"column":22}},"loc":{"start":{"line":21,"column":22},"end":{"line":23,"column":5}}},"4":{"name":"(anonymous_4)","decl":{"start":{"line":25,"column":11},"end":{"line":25,"column":16}},"loc":{"start":{"line":25,"column":16},"end":{"line":31,"column":5}}},"5":{"name":"(anonymous_5)","decl":{"start":{"line":33,"column":11},"end":{"line":33,"column":17}},"loc":{"start":{"line":33,"column":34},"end":{"line":39,"column":5}}}},"branchMap":{},"s":{"0":20,"1":20,"2":20,"3":4,"4":4,"5":4,"6":9,"7":5,"8":10},"f":{"0":20,"1":4,"2":4,"3":4,"4":9,"5":5},"b":{}}
,"/home/msgiotto/code/fiap-soat/challenge5-app-status/src/Core/Entity/ValueObject/StatusMsgValueObject.ts": {"path":"/home/msgiotto/code/fiap-soat/challenge5-app-status/src/Core/Entity/ValueObject/StatusMsgValueObject.ts","statementMap":{"0":{"start":{"line":12,"column":8},"end":{"line":12,"column":31}},"1":{"start":{"line":13,"column":8},"end":{"line":13,"column":29}},"2":{"start":{"line":14,"column":8},"end":{"line":14,"column":35}},"3":{"start":{"line":15,"column":8},"end":{"line":15,"column":47}},"4":{"start":{"line":16,"column":8},"end":{"line":16,"column":57}},"5":{"start":{"line":17,"column":8},"end":{"line":17,"column":31}},"6":{"start":{"line":21,"column":8},"end":{"line":21,"column":28}},"7":{"start":{"line":25,"column":8},"end":{"line":25,"column":27}},"8":{"start":{"line":29,"column":8},"end":{"line":29,"column":30}},"9":{"start":{"line":33,"column":8},"end":{"line":33,"column":28}},"10":{"start":{"line":37,"column":8},"end":{"line":37,"column":36}},"11":{"start":{"line":41,"column":8},"end":{"line":41,"column":41}},"12":{"start":{"line":45,"column":8},"end":{"line":52,"column":10}},"13":{"start":{"line":3,"column":0},"end":{"line":3,"column":13}}},"fnMap":{"0":{"name":"(anonymous_0)","decl":{"start":{"line":11,"column":4},"end":{"line":11,"column":16}},"loc":{"start":{"line":11,"column":150},"end":{"line":18,"column":5}}},"1":{"name":"(anonymous_1)","decl":{"start":{"line":20,"column":11},"end":{"line":20,"column":21}},"loc":{"start":{"line":20,"column":21},"end":{"line":22,"column":5}}},"2":{"name":"(anonymous_2)","decl":{"start":{"line":24,"column":11},"end":{"line":24,"column":20}},"loc":{"start":{"line":24,"column":20},"end":{"line":26,"column":5}}},"3":{"name":"(anonymous_3)","decl":{"start":{"line":28,"column":11},"end":{"line":28,"column":23}},"loc":{"start":{"line":28,"column":23},"end":{"line":30,"column":5}}},"4":{"name":"(anonymous_4)","decl":{"start":{"line":32,"column":11},"end":{"line":32,"column":21}},"loc":{"start":{"line":32,"column":21},"end":{"line":34,"column":5}}},"5":{"name":"(anonymous_5)","decl":{"start":{"line":36,"column":11},"end":{"line":36,"column":29}},"loc":{"start":{"line":36,"column":29},"end":{"line":38,"column":5}}},"6":{"name":"(anonymous_6)","decl":{"start":{"line":40,"column":11},"end":{"line":40,"column":34}},"loc":{"start":{"line":40,"column":34},"end":{"line":42,"column":5}}},"7":{"name":"(anonymous_7)","decl":{"start":{"line":44,"column":11},"end":{"line":44,"column":17}},"loc":{"start":{"line":44,"column":17},"end":{"line":53,"column":5}}}},"branchMap":{},"s":{"0":12,"1":12,"2":12,"3":12,"4":12,"5":12,"6":2,"7":2,"8":3,"9":3,"10":2,"11":3,"12":1,"13":1},"f":{"0":12,"1":2,"2":2,"3":3,"4":3,"5":2,"6":3,"7":1},"b":{}}
,"/home/msgiotto/code/fiap-soat/challenge5-app-status/src/Core/Entity/ValueObject/UserValueObject.ts": {"path":"/home/msgiotto/code/fiap-soat/challenge5-app-status/src/Core/Entity/ValueObject/UserValueObject.ts","statementMap":{"0":{"start":{"line":8,"column":8},"end":{"line":8,"column":29}},"1":{"start":{"line":9,"column":8},"end":{"line":9,"column":27}},"2":{"start":{"line":13,"column":8},"end":{"line":13,"column":27}},"3":{"start":{"line":17,"column":8},"end":{"line":17,"column":26}},"4":{"start":{"line":21,"column":8},"end":{"line":24,"column":10}},"5":{"start":{"line":28,"column":8},"end":{"line":28,"column":62}},"6":{"start":{"line":2,"column":0},"end":{"line":2,"column":13}}},"fnMap":{"0":{"name":"(anonymous_0)","decl":{"start":{"line":7,"column":4},"end":{"line":7,"column":17}},"loc":{"start":{"line":7,"column":46},"end":{"line":10,"column":5}}},"1":{"name":"(anonymous_1)","decl":{"start":{"line":12,"column":11},"end":{"line":12,"column":20}},"loc":{"start":{"line":12,"column":20},"end":{"line":14,"column":5}}},"2":{"name":"(anonymous_2)","decl":{"start":{"line":16,"column":11},"end":{"line":16,"column":19}},"loc":{"start":{"line":16,"column":19},"end":{"line":18,"column":5}}},"3":{"name":"(anonymous_3)","decl":{"start":{"line":20,"column":11},"end":{"line":20,"column":16}},"loc":{"start":{"line":20,"column":16},"end":{"line":25,"column":5}}},"4":{"name":"(anonymous_4)","decl":{"start":{"line":27,"column":11},"end":{"line":27,"column":17}},"loc":{"start":{"line":27,"column":34},"end":{"line":29,"column":5}}}},"branchMap":{},"s":{"0":20,"1":20,"2":5,"3":8,"4":9,"5":4,"6":10},"f":{"0":20,"1":5,"2":8,"3":9,"4":4},"b":{}}
,"/home/msgiotto/code/fiap-soat/challenge5-app-status/src/Core/Entity/ValueObject/VideoValueObject.ts": {"path":"/home/msgiotto/code/fiap-soat/challenge5-app-status/src/Core/Entity/ValueObject/VideoValueObject.ts","statementMap":{"0":{"start":{"line":15,"column":8},"end":{"line":15,"column":21}},"1":{"start":{"line":16,"column":8},"end":{"line":16,"column":29}},"2":{"start":{"line":17,"column":8},"end":{"line":17,"column":35}},"3":{"start":{"line":18,"column":8},"end":{"line":18,"column":33}},"4":{"start":{"line":19,"column":8},"end":{"line":19,"column":33}},"5":{"start":{"line":20,"column":8},"end":{"line":20,"column":33}},"6":{"start":{"line":21,"column":8},"end":{"line":21,"column":33}},"7":{"start":{"line":22,"column":8},"end":{"line":22,"column":35}},"8":{"start":{"line":26,"column":8},"end":{"line":26,"column":23}},"9":{"start":{"line":30,"column":8},"end":{"line":30,"column":27}},"10":{"start":{"line":34,"column":8},"end":{"line":34,"column":30}},"11":{"start":{"line":38,"column":8},"end":{"line":38,"column":29}},"12":{"start":{"line":42,"column":8},"end":{"line":42,"column":29}},"13":{"start":{"line":46,"column":8},"end":{"line":46,"column":29}},"14":{"start":{"line":50,"column":8},"end":{"line":50,"column":29}},"15":{"start":{"line":54,"column":8},"end":{"line":54,"column":30}},"16":{"start":{"line":58,"column":8},"end":{"line":67,"column":10}},"17":{"start":{"line":71,"column":8},"end":{"line":80,"column":10}},"18":{"start":{"line":3,"column":0},"end":{"line":3,"column":13}}},"fnMap":{"0":{"name":"(anonymous_0)","decl":{"start":{"line":14,"column":4},"end":{"line":14,"column":17}},"loc":{"start":{"line":14,"column":152},"end":{"line":23,"column":5}}},"1":{"name":"(anonymous_1)","decl":{"start":{"line":25,"column":11},"end":{"line":25,"column":16}},"loc":{"start":{"line":25,"column":16},"end":{"line":27,"column":5}}},"2":{"name":"(anonymous_2)","decl":{"start":{"line":29,"column":11},"end":{"line":29,"column":20}},"loc":{"start":{"line":29,"column":20},"end":{"line":31,"column":5}}},"3":{"name":"(anonymous_3)","decl":{"start":{"line":33,"column":11},"end":{"line":33,"column":23}},"loc":{"start":{"line":33,"column":23},"end":{"line":35,"column":5}}},"4":{"name":"(anonymous_4)","decl":{"start":{"line":37,"column":11},"end":{"line":37,"column":22}},"loc":{"start":{"line":37,"column":22},"end":{"line":39,"column":5}}},"5":{"name":"(anonymous_5)","decl":{"start":{"line":41,"column":11},"end":{"line":41,"column":22}},"loc":{"start":{"line":41,"column":22},"end":{"line":43,"column":5}}},"6":{"name":"(anonymous_6)","decl":{"start":{"line":45,"column":11},"end":{"line":45,"column":22}},"loc":{"start":{"line":45,"column":22},"end":{"line":47,"column":5}}},"7":{"name":"(anonymous_7)","decl":{"start":{"line":49,"column":11},"end":{"line":49,"column":22}},"loc":{"start":{"line":49,"column":22},"end":{"line":51,"column":5}}},"8":{"name":"(anonymous_8)","decl":{"start":{"line":53,"column":11},"end":{"line":53,"column":23}},"loc":{"start":{"line":53,"column":23},"end":{"line":55,"column":5}}},"9":{"name":"(anonymous_9)","decl":{"start":{"line":57,"column":11},"end":{"line":57,"column":16}},"loc":{"start":{"line":57,"column":16},"end":{"line":68,"column":5}}},"10":{"name":"(anonymous_10)","decl":{"start":{"line":70,"column":11},"end":{"line":70,"column":17}},"loc":{"start":{"line":70,"column":39},"end":{"line":81,"column":5}}}},"branchMap":{},"s":{"0":17,"1":17,"2":17,"3":17,"4":17,"5":17,"6":17,"7":17,"8":3,"9":3,"10":3,"11":3,"12":3,"13":3,"14":3,"15":3,"16":9,"17":5,"18":10},"f":{"0":17,"1":3,"2":3,"3":3,"4":3,"5":3,"6":3,"7":3,"8":3,"9":9,"10":5},"b":{}}
,"/home/msgiotto/code/fiap-soat/challenge5-app-status/src/Core/Usecase/ProcessingUseCases.ts": {"path":"/home/msgiotto/code/fiap-soat/challenge5-app-status/src/Core/Usecase/ProcessingUseCases.ts","statementMap":{"0":{"start":{"line":1,"column":0},"end":{"line":1,"column":62}},"1":{"start":{"line":2,"column":0},"end":{"line":2,"column":96}},"2":{"start":{"line":3,"column":0},"end":{"line":3,"column":75}},"3":{"start":{"line":4,"column":0},"end":{"line":4,"column":72}},"4":{"start":{"line":5,"column":0},"end":{"line":5,"column":74}},"5":{"start":{"line":18,"column":8},"end":{"line":55,"column":9}},"6":{"start":{"line":20,"column":33},"end":{"line":20,"column":50}},"7":{"start":{"line":21,"column":34},"end":{"line":25,"column":null}},"8":{"start":{"line":28,"column":38},"end":{"line":28,"column":93}},"9":{"start":{"line":29,"column":12},"end":{"line":31,"column":13}},"10":{"start":{"line":30,"column":16},"end":{"line":30,"column":75}},"11":{"start":{"line":33,"column":31},"end":{"line":33,"column":83}},"12":{"start":{"line":34,"column":12},"end":{"line":36,"column":13}},"13":{"start":{"line":35,"column":16},"end":{"line":35,"column":65}},"14":{"start":{"line":38,"column":12},"end":{"line":50,"column":36}},"15":{"start":{"line":54,"column":12},"end":{"line":54,"column":35}},"16":{"start":{"line":59,"column":8},"end":{"line":81,"column":9}},"17":{"start":{"line":60,"column":31},"end":{"line":60,"column":86}},"18":{"start":{"line":61,"column":12},"end":{"line":63,"column":13}},"19":{"start":{"line":62,"column":16},"end":{"line":62,"column":48}},"20":{"start":{"line":64,"column":12},"end":{"line":76,"column":36}},"21":{"start":{"line":80,"column":12},"end":{"line":80,"column":43}},"22":{"start":{"line":85,"column":8},"end":{"line":109,"column":9}},"23":{"start":{"line":86,"column":35},"end":{"line":86,"column":78}},"24":{"start":{"line":87,"column":12},"end":{"line":89,"column":13}},"25":{"start":{"line":88,"column":16},"end":{"line":88,"column":66}},"26":{"start":{"line":90,"column":43},"end":{"line":104,"column":14}},"27":{"start":{"line":91,"column":16},"end":{"line":103,"column":40}},"28":{"start":{"line":105,"column":12},"end":{"line":105,"column":42}},"29":{"start":{"line":108,"column":12},"end":{"line":108,"column":43}},"30":{"start":{"line":113,"column":8},"end":{"line":137,"column":9}},"31":{"start":{"line":114,"column":35},"end":{"line":114,"column":90}},"32":{"start":{"line":115,"column":12},"end":{"line":117,"column":13}},"33":{"start":{"line":116,"column":16},"end":{"line":116,"column":74}},"34":{"start":{"line":118,"column":43},"end":{"line":132,"column":14}},"35":{"start":{"line":119,"column":16},"end":{"line":131,"column":40}},"36":{"start":{"line":133,"column":12},"end":{"line":133,"column":42}},"37":{"start":{"line":136,"column":12},"end":{"line":136,"column":43}},"38":{"start":{"line":141,"column":8},"end":{"line":168,"column":9}},"39":{"start":{"line":142,"column":31},"end":{"line":142,"column":92}},"40":{"start":{"line":143,"column":12},"end":{"line":145,"column":13}},"41":{"start":{"line":144,"column":16},"end":{"line":144,"column":56}},"42":{"start":{"line":146,"column":12},"end":{"line":146,"column":75}},"43":{"start":{"line":147,"column":12},"end":{"line":147,"column":85}},"44":{"start":{"line":148,"column":38},"end":{"line":148,"column":87}},"45":{"start":{"line":149,"column":12},"end":{"line":151,"column":13}},"46":{"start":{"line":150,"column":16},"end":{"line":150,"column":61}},"47":{"start":{"line":152,"column":12},"end":{"line":164,"column":36}},"48":{"start":{"line":167,"column":12},"end":{"line":167,"column":43}},"49":{"start":{"line":172,"column":8},"end":{"line":205,"column":9}},"50":{"start":{"line":173,"column":31},"end":{"line":173,"column":91}},"51":{"start":{"line":174,"column":12},"end":{"line":176,"column":13}},"52":{"start":{"line":175,"column":16},"end":{"line":175,"column":56}},"53":{"start":{"line":177,"column":12},"end":{"line":183,"column":13}},"54":{"start":{"line":178,"column":16},"end":{"line":178,"column":81}},"55":{"start":{"line":179,"column":37},"end":{"line":179,"column":83}},"56":{"start":{"line":180,"column":16},"end":{"line":182,"column":17}},"57":{"start":{"line":181,"column":20},"end":{"line":181,"column":79}},"58":{"start":{"line":185,"column":38},"end":{"line":185,"column":87}},"59":{"start":{"line":186,"column":12},"end":{"line":188,"column":13}},"60":{"start":{"line":187,"column":16},"end":{"line":187,"column":61}},"61":{"start":{"line":189,"column":12},"end":{"line":201,"column":36}},"62":{"start":{"line":204,"column":12},"end":{"line":204,"column":43}},"63":{"start":{"line":14,"column":0},"end":{"line":14,"column":13}}},"fnMap":{"0":{"name":"(anonymous_0)","decl":{"start":{"line":16,"column":11},"end":{"line":16,"column":17}},"loc":{"start":{"line":16,"column":161},"end":{"line":56,"column":5}}},"1":{"name":"(anonymous_1)","decl":{"start":{"line":58,"column":11},"end":{"line":58,"column":17}},"loc":{"start":{"line":58,"column":110},"end":{"line":82,"column":5}}},"2":{"name":"(anonymous_2)","decl":{"start":{"line":84,"column":11},"end":{"line":84,"column":17}},"loc":{"start":{"line":84,"column":92},"end":{"line":110,"column":5}}},"3":{"name":"(anonymous_3)","decl":{"start":{"line":90,"column":62},"end":{"line":90,"column":63}},"loc":{"start":{"line":90,"column":95},"end":{"line":104,"column":13}}},"4":{"name":"(anonymous_4)","decl":{"start":{"line":112,"column":11},"end":{"line":112,"column":17}},"loc":{"start":{"line":112,"column":114},"end":{"line":138,"column":5}}},"5":{"name":"(anonymous_5)","decl":{"start":{"line":118,"column":62},"end":{"line":118,"column":63}},"loc":{"start":{"line":118,"column":95},"end":{"line":132,"column":13}}},"6":{"name":"(anonymous_6)","decl":{"start":{"line":140,"column":11},"end":{"line":140,"column":17}},"loc":{"start":{"line":140,"column":124},"end":{"line":169,"column":5}}},"7":{"name":"(anonymous_7)","decl":{"start":{"line":171,"column":11},"end":{"line":171,"column":17}},"loc":{"start":{"line":171,"column":121},"end":{"line":207,"column":5}}}},"branchMap":{"0":{"loc":{"start":{"line":29,"column":12},"end":{"line":31,"column":13}},"type":"if","locations":[{"start":{"line":29,"column":12},"end":{"line":31,"column":13}}]},"1":{"loc":{"start":{"line":34,"column":12},"end":{"line":36,"column":13}},"type":"if","locations":[{"start":{"line":34,"column":12},"end":{"line":36,"column":13}}]},"2":{"loc":{"start":{"line":61,"column":12},"end":{"line":63,"column":13}},"type":"if","locations":[{"start":{"line":61,"column":12},"end":{"line":63,"column":13}}]},"3":{"loc":{"start":{"line":87,"column":12},"end":{"line":89,"column":13}},"type":"if","locations":[{"start":{"line":87,"column":12},"end":{"line":89,"column":13}}]},"4":{"loc":{"start":{"line":115,"column":12},"end":{"line":117,"column":13}},"type":"if","locations":[{"start":{"line":115,"column":12},"end":{"line":117,"column":13}}]},"5":{"loc":{"start":{"line":143,"column":12},"end":{"line":145,"column":13}},"type":"if","locations":[{"start":{"line":143,"column":12},"end":{"line":145,"column":13}}]},"6":{"loc":{"start":{"line":149,"column":12},"end":{"line":151,"column":13}},"type":"if","locations":[{"start":{"line":149,"column":12},"end":{"line":151,"column":13}}]},"7":{"loc":{"start":{"line":174,"column":12},"end":{"line":176,"column":13}},"type":"if","locations":[{"start":{"line":174,"column":12},"end":{"line":176,"column":13}}]},"8":{"loc":{"start":{"line":177,"column":12},"end":{"line":183,"column":13}},"type":"if","locations":[{"start":{"line":177,"column":12},"end":{"line":183,"column":13}}]},"9":{"loc":{"start":{"line":179,"column":44},"end":{"line":179,"column":82}},"type":"binary-expr","locations":[{"start":{"line":179,"column":44},"end":{"line":179,"column":75}},{"start":{"line":179,"column":79},"end":{"line":179,"column":82}}]},"10":{"loc":{"start":{"line":180,"column":16},"end":{"line":182,"column":17}},"type":"if","locations":[{"start":{"line":180,"column":16},"end":{"line":182,"column":17}}]},"11":{"loc":{"start":{"line":186,"column":12},"end":{"line":188,"column":13}},"type":"if","locations":[{"start":{"line":186,"column":12},"end":{"line":188,"column":13}}]},"12":{"loc":{"start":{"line":198,"column":25},"end":{"line":198,"column":103}},"type":"cond-expr","locations":[{"start":{"line":198,"column":91},"end":{"line":198,"column":96}},{"start":{"line":198,"column":99},"end":{"line":198,"column":103}}]}},"s":{"0":6,"1":6,"2":6,"3":6,"4":6,"5":3,"6":3,"7":3,"8":3,"9":3,"10":1,"11":2,"12":2,"13":1,"14":1,"15":2,"16":2,"17":2,"18":2,"19":1,"20":1,"21":1,"22":2,"23":2,"24":2,"25":1,"26":1,"27":1,"28":1,"29":1,"30":2,"31":2,"32":2,"33":1,"34":1,"35":1,"36":1,"37":1,"38":3,"39":3,"40":3,"41":1,"42":2,"43":2,"44":2,"45":2,"46":1,"47":1,"48":2,"49":4,"50":4,"51":4,"52":1,"53":3,"54":3,"55":3,"56":3,"57":2,"58":3,"59":3,"60":1,"61":2,"62":2,"63":6},"f":{"0":3,"1":2,"2":2,"3":1,"4":2,"5":1,"6":3,"7":4},"b":{"0":[1],"1":[1],"2":[1],"3":[1],"4":[1],"5":[1],"6":[1],"7":[1],"8":[3],"9":[3,0],"10":[2],"11":[1],"12":[1,1]}}
,"/home/msgiotto/code/fiap-soat/challenge5-app-status/src/Infrastructure/Api/ApiMsgOverride.ts": {"path":"/home/msgiotto/code/fiap-soat/challenge5-app-status/src/Infrastructure/Api/ApiMsgOverride.ts","statementMap":{"0":{"start":{"line":1,"column":0},"end":{"line":1,"column":30}},"1":{"start":{"line":3,"column":0},"end":{"line":3,"column":89}},"2":{"start":{"line":9,"column":8},"end":{"line":9,"column":32}},"3":{"start":{"line":11,"column":8},"end":{"line":32,"column":11}},"4":{"start":{"line":18,"column":12},"end":{"line":31,"column":13}},"5":{"start":{"line":19,"column":16},"end":{"line":22,"column":17}},"6":{"start":{"line":20,"column":20},"end":{"line":20,"column":73}},"7":{"start":{"line":21,"column":20},"end":{"line":21,"column":27}},"8":{"start":{"line":23,"column":32},"end":{"line":23,"column":40}},"9":{"start":{"line":24,"column":31},"end":{"line":24,"column":97}},"10":{"start":{"line":25,"column":16},"end":{"line":27,"column":17}},"11":{"start":{"line":26,"column":20},"end":{"line":26,"column":71}},"12":{"start":{"line":28,"column":16},"end":{"line":28,"column":45}},"13":{"start":{"line":30,"column":16},"end":{"line":30,"column":52}},"14":{"start":{"line":34,"column":8},"end":{"line":55,"column":11}},"15":{"start":{"line":42,"column":12},"end":{"line":54,"column":13}},"16":{"start":{"line":43,"column":16},"end":{"line":46,"column":17}},"17":{"start":{"line":44,"column":20},"end":{"line":44,"column":73}},"18":{"start":{"line":45,"column":20},"end":{"line":45,"column":27}},"19":{"start":{"line":47,"column":31},"end":{"line":47,"column":106}},"20":{"start":{"line":48,"column":16},"end":{"line":50,"column":17}},"21":{"start":{"line":49,"column":20},"end":{"line":49,"column":68}},"22":{"start":{"line":51,"column":16},"end":{"line":51,"column":45}},"23":{"start":{"line":53,"column":16},"end":{"line":53,"column":52}},"24":{"start":{"line":57,"column":8},"end":{"line":78,"column":11}},"25":{"start":{"line":65,"column":12},"end":{"line":77,"column":13}},"26":{"start":{"line":66,"column":16},"end":{"line":69,"column":17}},"27":{"start":{"line":67,"column":20},"end":{"line":67,"column":73}},"28":{"start":{"line":68,"column":20},"end":{"line":68,"column":27}},"29":{"start":{"line":70,"column":31},"end":{"line":70,"column":105}},"30":{"start":{"line":71,"column":16},"end":{"line":73,"column":17}},"31":{"start":{"line":72,"column":20},"end":{"line":72,"column":73}},"32":{"start":{"line":74,"column":16},"end":{"line":74,"column":45}},"33":{"start":{"line":76,"column":16},"end":{"line":76,"column":52}},"34":{"start":{"line":5,"column":0},"end":{"line":5,"column":13}}},"fnMap":{"0":{"name":"(anonymous_1)","decl":{"start":{"line":7,"column":4},"end":{"line":7,"column":10}},"loc":{"start":{"line":7,"column":66},"end":{"line":80,"column":5}}},"1":{"name":"(anonymous_2)","decl":{"start":{"line":11,"column":39},"end":{"line":11,"column":44}},"loc":{"start":{"line":11,"column":58},"end":{"line":32,"column":9}}},"2":{"name":"(anonymous_3)","decl":{"start":{"line":34,"column":31},"end":{"line":34,"column":36}},"loc":{"start":{"line":34,"column":50},"end":{"line":55,"column":9}}},"3":{"name":"(anonymous_4)","decl":{"start":{"line":57,"column":29},"end":{"line":57,"column":34}},"loc":{"start":{"line":57,"column":48},"end":{"line":78,"column":9}}}},"branchMap":{"0":{"loc":{"start":{"line":19,"column":16},"end":{"line":22,"column":17}},"type":"if","locations":[{"start":{"line":19,"column":16},"end":{"line":22,"column":17}}]},"1":{"loc":{"start":{"line":19,"column":20},"end":{"line":19,"column":82}},"type":"binary-expr","locations":[{"start":{"line":19,"column":20},"end":{"line":19,"column":42}},{"start":{"line":19,"column":46},"end":{"line":19,"column":61}},{"start":{"line":19,"column":65},"end":{"line":19,"column":82}}]},"2":{"loc":{"start":{"line":25,"column":16},"end":{"line":27,"column":17}},"type":"if","locations":[{"start":{"line":25,"column":16},"end":{"line":27,"column":17}}]},"3":{"loc":{"start":{"line":43,"column":16},"end":{"line":46,"column":17}},"type":"if","locations":[{"start":{"line":43,"column":16},"end":{"line":46,"column":17}}]},"4":{"loc":{"start":{"line":43,"column":20},"end":{"line":43,"column":82}},"type":"binary-expr","locations":[{"start":{"line":43,"column":20},"end":{"line":43,"column":42}},{"start":{"line":43,"column":46},"end":{"line":43,"column":61}},{"start":{"line":43,"column":65},"end":{"line":43,"column":82}}]},"5":{"loc":{"start":{"line":48,"column":16},"end":{"line":50,"column":17}},"type":"if","locations":[{"start":{"line":48,"column":16},"end":{"line":50,"column":17}}]},"6":{"loc":{"start":{"line":66,"column":16},"end":{"line":69,"column":17}},"type":"if","locations":[{"start":{"line":66,"column":16},"end":{"line":69,"column":17}}]},"7":{"loc":{"start":{"line":66,"column":20},"end":{"line":66,"column":82}},"type":"binary-expr","locations":[{"start":{"line":66,"column":20},"end":{"line":66,"column":42}},{"start":{"line":66,"column":46},"end":{"line":66,"column":61}},{"start":{"line":66,"column":65},"end":{"line":66,"column":82}}]},"8":{"loc":{"start":{"line":71,"column":16},"end":{"line":73,"column":17}},"type":"if","locations":[{"start":{"line":71,"column":16},"end":{"line":73,"column":17}}]}},"s":{"0":1,"1":1,"2":12,"3":12,"4":4,"5":4,"6":0,"7":0,"8":4,"9":4,"10":3,"11":2,"12":3,"13":1,"14":12,"15":4,"16":4,"17":0,"18":0,"19":4,"20":3,"21":2,"22":3,"23":1,"24":12,"25":4,"26":4,"27":0,"28":0,"29":4,"30":3,"31":2,"32":3,"33":1,"34":1},"f":{"0":12,"1":4,"2":4,"3":4},"b":{"0":[0],"1":[4,4,4],"2":[2],"3":[0],"4":[4,4,4],"5":[2],"6":[0],"7":[4,4,4],"8":[2]}}
,"/home/msgiotto/code/fiap-soat/challenge5-app-status/src/Infrastructure/Api/ApiProcessingStatus.ts": {"path":"/home/msgiotto/code/fiap-soat/challenge5-app-status/src/Infrastructure/Api/ApiProcessingStatus.ts","statementMap":{"0":{"start":{"line":1,"column":0},"end":{"line":1,"column":30}},"1":{"start":{"line":3,"column":0},"end":{"line":3,"column":89}},"2":{"start":{"line":9,"column":8},"end":{"line":9,"column":32}},"3":{"start":{"line":11,"column":8},"end":{"line":27,"column":11}},"4":{"start":{"line":16,"column":12},"end":{"line":26,"column":13}},"5":{"start":{"line":17,"column":31},"end":{"line":17,"column":89}},"6":{"start":{"line":18,"column":16},"end":{"line":23,"column":17}},"7":{"start":{"line":19,"column":20},"end":{"line":19,"column":82}},"8":{"start":{"line":22,"column":20},"end":{"line":22,"column":49}},"9":{"start":{"line":25,"column":16},"end":{"line":25,"column":52}},"10":{"start":{"line":29,"column":8},"end":{"line":49,"column":11}},"11":{"start":{"line":34,"column":12},"end":{"line":48,"column":13}},"12":{"start":{"line":35,"column":16},"end":{"line":38,"column":17}},"13":{"start":{"line":36,"column":20},"end":{"line":36,"column":84}},"14":{"start":{"line":37,"column":20},"end":{"line":37,"column":27}},"15":{"start":{"line":39,"column":31},"end":{"line":39,"column":111}},"16":{"start":{"line":40,"column":16},"end":{"line":45,"column":17}},"17":{"start":{"line":41,"column":20},"end":{"line":41,"column":82}},"18":{"start":{"line":44,"column":20},"end":{"line":44,"column":49}},"19":{"start":{"line":47,"column":16},"end":{"line":47,"column":52}},"20":{"start":{"line":51,"column":8},"end":{"line":71,"column":11}},"21":{"start":{"line":56,"column":12},"end":{"line":70,"column":13}},"22":{"start":{"line":57,"column":16},"end":{"line":60,"column":17}},"23":{"start":{"line":58,"column":20},"end":{"line":58,"column":78}},"24":{"start":{"line":59,"column":20},"end":{"line":59,"column":27}},"25":{"start":{"line":61,"column":31},"end":{"line":61,"column":115}},"26":{"start":{"line":62,"column":16},"end":{"line":67,"column":17}},"27":{"start":{"line":63,"column":20},"end":{"line":63,"column":82}},"28":{"start":{"line":66,"column":20},"end":{"line":66,"column":49}},"29":{"start":{"line":69,"column":16},"end":{"line":69,"column":52}},"30":{"start":{"line":5,"column":0},"end":{"line":5,"column":13}}},"fnMap":{"0":{"name":"(anonymous_1)","decl":{"start":{"line":7,"column":4},"end":{"line":7,"column":10}},"loc":{"start":{"line":7,"column":66},"end":{"line":72,"column":5}}},"1":{"name":"(anonymous_2)","decl":{"start":{"line":11,"column":34},"end":{"line":11,"column":39}},"loc":{"start":{"line":11,"column":53},"end":{"line":27,"column":9}}},"2":{"name":"(anonymous_3)","decl":{"start":{"line":29,"column":46},"end":{"line":29,"column":51}},"loc":{"start":{"line":29,"column":65},"end":{"line":49,"column":9}}},"3":{"name":"(anonymous_4)","decl":{"start":{"line":51,"column":51},"end":{"line":51,"column":56}},"loc":{"start":{"line":51,"column":70},"end":{"line":71,"column":9}}}},"branchMap":{"0":{"loc":{"start":{"line":18,"column":16},"end":{"line":23,"column":17}},"type":"if","locations":[{"start":{"line":18,"column":16},"end":{"line":23,"column":17}},{"start":{"line":21,"column":20},"end":{"line":23,"column":17}}]},"1":{"loc":{"start":{"line":35,"column":16},"end":{"line":38,"column":17}},"type":"if","locations":[{"start":{"line":35,"column":16},"end":{"line":38,"column":17}}]},"2":{"loc":{"start":{"line":35,"column":20},"end":{"line":35,"column":112}},"type":"binary-expr","locations":[{"start":{"line":35,"column":20},"end":{"line":35,"column":52}},{"start":{"line":35,"column":56},"end":{"line":35,"column":81}},{"start":{"line":35,"column":85},"end":{"line":35,"column":112}}]},"3":{"loc":{"start":{"line":40,"column":16},"end":{"line":45,"column":17}},"type":"if","locations":[{"start":{"line":40,"column":16},"end":{"line":45,"column":17}},{"start":{"line":43,"column":21},"end":{"line":45,"column":17}}]},"4":{"loc":{"start":{"line":57,"column":16},"end":{"line":60,"column":17}},"type":"if","locations":[{"start":{"line":57,"column":16},"end":{"line":60,"column":17}}]},"5":{"loc":{"start":{"line":57,"column":20},"end":{"line":57,"column":112}},"type":"binary-expr","locations":[{"start":{"line":57,"column":20},"end":{"line":57,"column":52}},{"start":{"line":57,"column":56},"end":{"line":57,"column":81}},{"start":{"line":57,"column":85},"end":{"line":57,"column":112}}]},"6":{"loc":{"start":{"line":62,"column":16},"end":{"line":67,"column":17}},"type":"if","locations":[{"start":{"line":62,"column":16},"end":{"line":67,"column":17}},{"start":{"line":65,"column":21},"end":{"line":67,"column":17}}]}},"s":{"0":1,"1":1,"2":11,"3":11,"4":3,"5":3,"6":2,"7":1,"8":1,"9":1,"10":11,"11":4,"12":4,"13":1,"14":1,"15":3,"16":2,"17":1,"18":1,"19":1,"20":11,"21":4,"22":4,"23":1,"24":1,"25":3,"26":2,"27":1,"28":1,"29":1,"30":1},"f":{"0":11,"1":3,"2":4,"3":4},"b":{"0":[1,1],"1":[1],"2":[4,4,3],"3":[1,1],"4":[1],"5":[4,4,3],"6":[1,1]}}
,"/home/msgiotto/code/fiap-soat/challenge5-app-status/src/Infrastructure/Api/ApisDefaultEndpoints.ts": {"path":"/home/msgiotto/code/fiap-soat/challenge5-app-status/src/Infrastructure/Api/ApisDefaultEndpoints.ts","statementMap":{"0":{"start":{"line":2,"column":0},"end":{"line":2,"column":43}},"1":{"start":{"line":3,"column":0},"end":{"line":3,"column":54}},"2":{"start":{"line":9,"column":4},"end":{"line":9,"column":69}},"3":{"start":{"line":11,"column":4},"end":{"line":17,"column":7}},"4":{"start":{"line":16,"column":8},"end":{"line":16,"column":null}},"5":{"start":{"line":5,"column":0},"end":{"line":5,"column":13}}},"fnMap":{"0":{"name":"(anonymous_1)","decl":{"start":{"line":7,"column":2},"end":{"line":7,"column":8}},"loc":{"start":{"line":7,"column":27},"end":{"line":19,"column":3}}},"1":{"name":"(anonymous_2)","decl":{"start":{"line":11,"column":17},"end":{"line":11,"column":18}},"loc":{"start":{"line":11,"column":30},"end":{"line":17,"column":5}}}},"branchMap":{},"s":{"0":1,"1":1,"2":2,"3":2,"4":1,"5":1},"f":{"0":2,"1":1},"b":{}}
,"/home/msgiotto/code/fiap-soat/challenge5-app-status/src/Infrastructure/Configs/SnsConfig.ts": {"path":"/home/msgiotto/code/fiap-soat/challenge5-app-status/src/Infrastructure/Configs/SnsConfig.ts","statementMap":{"0":{"start":{"line":3,"column":0},"end":{"line":3,"column":65}},"1":{"start":{"line":10,"column":20},"end":{"line":10,"column":52}},"2":{"start":{"line":11,"column":36},"end":{"line":20,"column":6}},"3":{"start":{"line":21,"column":4},"end":{"line":21,"column":40}},"4":{"start":{"line":22,"column":4},"end":{"line":26,"column":69}},"5":{"start":{"line":30,"column":4},"end":{"line":30,"column":23}},"6":{"start":{"line":34,"column":4},"end":{"line":34,"column":25}},"7":{"start":{"line":5,"column":0},"end":{"line":5,"column":13}}},"fnMap":{"0":{"name":"(anonymous_0)","decl":{"start":{"line":9,"column":2},"end":{"line":9,"column":null}},"loc":{"start":{"line":9,"column":2},"end":{"line":27,"column":3}}},"1":{"name":"(anonymous_1)","decl":{"start":{"line":29,"column":2},"end":{"line":29,"column":11}},"loc":{"start":{"line":29,"column":11},"end":{"line":31,"column":3}}},"2":{"name":"(anonymous_2)","decl":{"start":{"line":33,"column":2},"end":{"line":33,"column":13}},"loc":{"start":{"line":33,"column":13},"end":{"line":35,"column":3}}}},"branchMap":{"0":{"loc":{"start":{"line":12,"column":14},"end":{"line":12,"column":51}},"type":"binary-expr","locations":[{"start":{"line":12,"column":14},"end":{"line":12,"column":36}},{"start":{"line":12,"column":40},"end":{"line":12,"column":51}}]},"1":{"loc":{"start":{"line":13,"column":16},"end":{"line":13,"column":62}},"type":"cond-expr","locations":[{"start":{"line":13,"column":26},"end":{"line":13,"column":50}},{"start":{"line":13,"column":53},"end":{"line":13,"column":62}}]},"2":{"loc":{"start":{"line":14,"column":19},"end":{"line":19,"column":null}},"type":"cond-expr","locations":[{"start":{"line":15,"column":10},"end":{"line":15,"column":58}},{"start":{"line":16,"column":10},"end":{"line":19,"column":null}}]},"3":{"loc":{"start":{"line":17,"column":25},"end":{"line":17,"column":60}},"type":"binary-expr","locations":[{"start":{"line":17,"column":25},"end":{"line":17,"column":54}},{"start":{"line":17,"column":58},"end":{"line":17,"column":60}}]},"4":{"loc":{"start":{"line":18,"column":29},"end":{"line":18,"column":68}},"type":"binary-expr","locations":[{"start":{"line":18,"column":29},"end":{"line":18,"column":62}},{"start":{"line":18,"column":66},"end":{"line":18,"column":68}}]},"5":{"loc":{"start":{"line":23,"column":6},"end":{"line":26,"column":68}},"type":"binary-expr","locations":[{"start":{"line":23,"column":6},"end":{"line":23,"column":31}},{"start":{"line":24,"column":7},"end":{"line":26,"column":67}}]},"6":{"loc":{"start":{"line":24,"column":7},"end":{"line":26,"column":67}},"type":"cond-expr","locations":[{"start":{"line":25,"column":10},"end":{"line":25,"column":69}},{"start":{"line":26,"column":10},"end":{"line":26,"column":67}}]}},"s":{"0":1,"1":6,"2":6,"3":6,"4":6,"5":5,"6":5,"7":1},"f":{"0":6,"1":5,"2":5},"b":{"0":[6,4],"1":[3,3],"2":[3,3],"3":[3,2],"4":[3,2],"5":[6,4],"6":[3,1]}}
,"/home/msgiotto/code/fiap-soat/challenge5-app-status/src/Infrastructure/Configs/SqsConfig.ts": {"path":"/home/msgiotto/code/fiap-soat/challenge5-app-status/src/Infrastructure/Configs/SqsConfig.ts","statementMap":{"0":{"start":{"line":3,"column":0},"end":{"line":3,"column":65}},"1":{"start":{"line":10,"column":20},"end":{"line":10,"column":52}},"2":{"start":{"line":11,"column":36},"end":{"line":20,"column":6}},"3":{"start":{"line":21,"column":4},"end":{"line":21,"column":40}},"4":{"start":{"line":22,"column":4},"end":{"line":26,"column":76}},"5":{"start":{"line":30,"column":4},"end":{"line":30,"column":23}},"6":{"start":{"line":34,"column":4},"end":{"line":34,"column":25}},"7":{"start":{"line":5,"column":0},"end":{"line":5,"column":13}}},"fnMap":{"0":{"name":"(anonymous_0)","decl":{"start":{"line":9,"column":2},"end":{"line":9,"column":14}},"loc":{"start":{"line":9,"column":29},"end":{"line":27,"column":3}}},"1":{"name":"(anonymous_1)","decl":{"start":{"line":29,"column":2},"end":{"line":29,"column":11}},"loc":{"start":{"line":29,"column":11},"end":{"line":31,"column":3}}},"2":{"name":"(anonymous_2)","decl":{"start":{"line":33,"column":2},"end":{"line":33,"column":13}},"loc":{"start":{"line":33,"column":13},"end":{"line":35,"column":3}}}},"branchMap":{"0":{"loc":{"start":{"line":12,"column":14},"end":{"line":12,"column":51}},"type":"binary-expr","locations":[{"start":{"line":12,"column":14},"end":{"line":12,"column":36}},{"start":{"line":12,"column":40},"end":{"line":12,"column":51}}]},"1":{"loc":{"start":{"line":13,"column":16},"end":{"line":13,"column":62}},"type":"cond-expr","locations":[{"start":{"line":13,"column":26},"end":{"line":13,"column":50}},{"start":{"line":13,"column":53},"end":{"line":13,"column":62}}]},"2":{"loc":{"start":{"line":14,"column":19},"end":{"line":19,"column":null}},"type":"cond-expr","locations":[{"start":{"line":15,"column":10},"end":{"line":15,"column":58}},{"start":{"line":16,"column":10},"end":{"line":19,"column":null}}]},"3":{"loc":{"start":{"line":17,"column":25},"end":{"line":17,"column":60}},"type":"binary-expr","locations":[{"start":{"line":17,"column":25},"end":{"line":17,"column":54}},{"start":{"line":17,"column":58},"end":{"line":17,"column":60}}]},"4":{"loc":{"start":{"line":18,"column":29},"end":{"line":18,"column":68}},"type":"binary-expr","locations":[{"start":{"line":18,"column":29},"end":{"line":18,"column":62}},{"start":{"line":18,"column":66},"end":{"line":18,"column":68}}]},"5":{"loc":{"start":{"line":23,"column":6},"end":{"line":26,"column":75}},"type":"binary-expr","locations":[{"start":{"line":23,"column":6},"end":{"line":23,"column":31}},{"start":{"line":24,"column":7},"end":{"line":26,"column":73}}]},"6":{"loc":{"start":{"line":24,"column":7},"end":{"line":26,"column":73}},"type":"cond-expr","locations":[{"start":{"line":25,"column":10},"end":{"line":25,"column":58}},{"start":{"line":26,"column":10},"end":{"line":26,"column":73}}]}},"s":{"0":1,"1":5,"2":5,"3":5,"4":5,"5":4,"6":4,"7":1},"f":{"0":5,"1":4,"2":4},"b":{"0":[5,2],"1":[3,2],"2":[3,2],"3":[2,1],"4":[2,1],"5":[5,4],"6":[3,1]}}
,"/home/msgiotto/code/fiap-soat/challenge5-app-status/src/Infrastructure/Services/EmailServiceMock.ts": {"path":"/home/msgiotto/code/fiap-soat/challenge5-app-status/src/Infrastructure/Services/EmailServiceMock.ts","statementMap":{"0":{"start":{"line":5,"column":8},"end":{"line":5,"column":101}},"1":{"start":{"line":6,"column":8},"end":{"line":6,"column":20}},"2":{"start":{"line":3,"column":0},"end":{"line":3,"column":13}}},"fnMap":{"0":{"name":"(anonymous_0)","decl":{"start":{"line":4,"column":11},"end":{"line":4,"column":16}},"loc":{"start":{"line":4,"column":68},"end":{"line":7,"column":5}}}},"branchMap":{},"s":{"0":2,"1":2,"2":1},"f":{"0":2},"b":{}}
}
