TN:
SF:dist/src/Core/Entity/ProcessingEntity.js
FN:9,(anonymous_0)
FN:19,(anonymous_1)
FN:33,(anonymous_2)
FN:42,(anonymous_3)
FN:46,(anonymous_4)
FN:49,(anonymous_5)
FN:52,(anonymous_6)
FN:55,(anonymous_7)
FN:58,(anonymous_8)
FN:61,(anonymous_9)
FN:64,(anonymous_10)
FN:67,(anonymous_11)
FN:74,(anonymous_12)
FN:77,(anonymous_13)
FN:80,(anonymous_14)
FN:87,(anonymous_15)
FNF:16
FNH:16
FNDA:12,(anonymous_0)
FNDA:3,(anonymous_1)
FNDA:6,(anonymous_2)
FNDA:6,(anonymous_3)
FNDA:3,(anonymous_4)
FNDA:1,(anonymous_5)
FNDA:1,(anonymous_6)
FNDA:1,(anonymous_7)
FNDA:7,(anonymous_8)
FNDA:4,(anonymous_9)
FNDA:5,(anonymous_10)
FNDA:1,(anonymous_11)
FNDA:3,(anonymous_12)
FNDA:1,(anonymous_13)
FNDA:1,(anonymous_14)
FNDA:1,(anonymous_15)
DA:2,1
DA:3,1
DA:4,1
DA:5,1
DA:6,1
DA:7,1
DA:10,12
DA:11,12
DA:12,12
DA:13,12
DA:14,12
DA:15,12
DA:16,12
DA:17,12
DA:20,3
DA:21,1
DA:22,1
DA:24,3
DA:25,1
DA:26,1
DA:28,3
DA:29,3
DA:31,3
DA:34,6
DA:35,2
DA:37,4
DA:38,1
DA:40,3
DA:43,6
DA:44,6
DA:47,3
DA:50,1
DA:53,1
DA:56,1
DA:59,7
DA:62,4
DA:65,5
DA:68,1
DA:75,3
DA:78,1
DA:81,1
DA:82,1
DA:83,1
DA:84,1
DA:85,1
DA:88,1
DA:89,1
DA:90,1
DA:91,1
DA:92,1
DA:95,1
LF:51
LH:51
BRDA:14,0,0,12
BRDA:14,0,1,12
BRDA:15,1,0,12
BRDA:15,1,1,12
BRDA:16,2,0,12
BRDA:16,2,1,12
BRDA:17,3,0,12
BRDA:17,3,1,12
BRDA:20,4,0,1
BRDA:20,4,1,2
BRDA:24,5,0,1
BRDA:24,5,1,2
BRDA:28,6,0,3
BRDA:28,6,1,0
BRDA:34,7,0,2
BRDA:34,7,1,4
BRDA:34,8,0,6
BRDA:34,8,1,5
BRDA:37,9,0,1
BRDA:37,9,1,3
BRDA:92,10,0,1
BRDA:92,10,1,0
BRF:22
BRH:20
end_of_record
TN:
SF:dist/src/Core/Entity/Enum/ProcessingStatusEnum.js
FN:5,(anonymous_0)
FNF:1
FNH:1
FNDA:2,(anonymous_0)
DA:2,2
DA:3,2
DA:5,2
DA:6,2
DA:7,2
DA:8,2
DA:9,2
DA:10,2
LF:8
LH:8
BRDA:11,0,0,2
BRDA:11,0,1,2
BRF:2
BRH:2
end_of_record
TN:
SF:dist/src/Core/Entity/ValueObject/ErrorMsgValueObject.js
FN:5,(anonymous_0)
FN:12,(anonymous_1)
FN:15,(anonymous_2)
FN:18,(anonymous_3)
FN:21,(anonymous_4)
FN:24,(anonymous_5)
FN:27,(anonymous_6)
FNF:7
FNH:7
FNDA:11,(anonymous_0)
FNDA:1,(anonymous_1)
FNDA:1,(anonymous_2)
FNDA:2,(anonymous_3)
FNDA:1,(anonymous_4)
FNDA:2,(anonymous_5)
FNDA:2,(anonymous_6)
DA:2,1
DA:3,1
DA:6,11
DA:7,11
DA:8,11
DA:9,11
DA:10,11
DA:13,1
DA:16,1
DA:19,2
DA:22,1
DA:25,2
DA:28,2
DA:37,1
LF:14
LH:14
BRF:0
BRH:0
end_of_record
TN:
SF:dist/src/Core/Entity/ValueObject/ProcessingConfigValueObject.js
FN:5,(anonymous_0)
FN:10,(anonymous_1)
FN:13,(anonymous_2)
FN:16,(anonymous_3)
FN:19,(anonymous_4)
FN:26,(anonymous_5)
FNF:6
FNH:3
FNDA:3,(anonymous_0)
FNDA:0,(anonymous_1)
FNDA:0,(anonymous_2)
FNDA:0,(anonymous_3)
FNDA:1,(anonymous_4)
FNDA:3,(anonymous_5)
DA:2,1
DA:3,1
DA:6,3
DA:7,3
DA:8,3
DA:11,0
DA:14,0
DA:17,0
DA:20,1
DA:27,3
DA:30,1
LF:11
LH:8
BRF:0
BRH:0
end_of_record
TN:
SF:dist/src/Core/Entity/ValueObject/UserValueObject.js
FN:5,(anonymous_0)
FN:9,(anonymous_1)
FN:12,(anonymous_2)
FN:15,(anonymous_3)
FN:21,(anonymous_4)
FNF:5
FNH:4
FNDA:3,(anonymous_0)
FNDA:0,(anonymous_1)
FNDA:2,(anonymous_2)
FNDA:1,(anonymous_3)
FNDA:3,(anonymous_4)
DA:2,1
DA:3,1
DA:6,3
DA:7,3
DA:10,0
DA:13,2
DA:16,1
DA:22,3
DA:25,1
LF:9
LH:8
BRF:0
BRH:0
end_of_record
TN:
SF:dist/src/Core/Entity/ValueObject/VideoValueObject.js
FN:5,(anonymous_0)
FN:15,(anonymous_1)
FN:18,(anonymous_2)
FN:21,(anonymous_3)
FN:24,(anonymous_4)
FN:27,(anonymous_5)
FN:30,(anonymous_6)
FN:33,(anonymous_7)
FN:36,(anonymous_8)
FN:39,(anonymous_9)
FN:51,(anonymous_10)
FNF:11
FNH:3
FNDA:3,(anonymous_0)
FNDA:0,(anonymous_1)
FNDA:0,(anonymous_2)
FNDA:0,(anonymous_3)
FNDA:0,(anonymous_4)
FNDA:0,(anonymous_5)
FNDA:0,(anonymous_6)
FNDA:0,(anonymous_7)
FNDA:0,(anonymous_8)
FNDA:1,(anonymous_9)
FNDA:3,(anonymous_10)
DA:2,1
DA:3,1
DA:6,3
DA:7,3
DA:8,3
DA:9,3
DA:10,3
DA:11,3
DA:12,3
DA:13,3
DA:16,0
DA:19,0
DA:22,0
DA:25,0
DA:28,0
DA:31,0
DA:34,0
DA:37,0
DA:40,1
DA:52,3
DA:55,1
LF:21
LH:13
BRF:0
BRH:0
end_of_record
TN:
SF:src/Application/Controller/ErrorQueueHandler.ts
FN:10,(anonymous_0)
FN:17,(anonymous_1)
FNF:2
FNH:2
FNDA:5,(anonymous_0)
FNDA:5,(anonymous_1)
DA:1,1
DA:7,1
DA:9,1
DA:11,5
DA:12,5
DA:13,5
DA:14,5
DA:19,5
DA:20,5
DA:21,4
DA:22,4
DA:23,4
DA:24,4
DA:25,3
DA:26,1
DA:29,2
DA:30,1
DA:35,1
DA:39,1
DA:43,2
DA:46,1
LF:21
LH:21
BRDA:20,0,0,4
BRDA:20,0,1,1
BRDA:25,1,0,1
BRDA:29,2,0,1
BRDA:31,3,0,1
BRDA:31,3,1,0
BRF:6
BRH:5
end_of_record
TN:
SF:src/Application/Controller/ProcessingController.ts
FN:12,(anonymous_0)
FN:27,(anonymous_1)
FN:42,(anonymous_2)
FN:57,(anonymous_3)
FN:77,(anonymous_4)
FN:95,(anonymous_5)
FNF:6
FNH:6
FNDA:3,(anonymous_0)
FNDA:3,(anonymous_1)
FNDA:3,(anonymous_2)
FNDA:4,(anonymous_3)
FNDA:4,(anonymous_4)
FNDA:4,(anonymous_5)
DA:7,3
DA:8,3
DA:10,3
DA:13,3
DA:14,3
DA:15,3
DA:16,2
DA:17,1
DA:20,1
DA:23,2
DA:28,3
DA:29,3
DA:30,3
DA:31,2
DA:32,1
DA:35,1
DA:38,2
DA:43,3
DA:44,3
DA:45,3
DA:46,2
DA:47,1
DA:50,1
DA:53,2
DA:58,4
DA:59,4
DA:60,4
DA:61,4
DA:62,4
DA:63,1
DA:65,3
DA:66,3
DA:67,2
DA:68,1
DA:70,1
DA:73,3
DA:78,4
DA:79,4
DA:80,4
DA:81,1
DA:83,3
DA:84,3
DA:85,2
DA:86,1
DA:88,1
DA:91,3
DA:96,4
DA:97,4
DA:98,4
DA:99,1
DA:101,3
DA:102,3
DA:103,2
DA:104,1
DA:106,1
DA:109,3
LF:56
LH:56
BRDA:16,0,0,1
BRDA:31,1,0,1
BRDA:46,2,0,1
BRDA:62,3,0,1
BRDA:62,4,0,4
BRDA:62,4,1,3
BRDA:62,4,2,3
BRDA:67,5,0,1
BRDA:80,6,0,1
BRDA:85,7,0,1
BRDA:98,8,0,1
BRDA:103,9,0,1
BRF:12
BRH:12
end_of_record
TN:
SF:src/Application/Controller/ProcessingQueueHandler.ts
FN:7,(anonymous_0)
FN:12,(anonymous_1)
FNF:2
FNH:2
FNDA:4,(anonymous_0)
FNDA:4,(anonymous_1)
DA:4,1
DA:6,1
DA:8,4
DA:9,4
DA:14,4
DA:15,4
DA:16,3
DA:17,3
DA:18,3
DA:19,3
DA:20,2
DA:21,1
DA:25,2
DA:28,1
LF:14
LH:14
BRDA:15,0,0,3
BRDA:15,0,1,1
BRDA:20,1,0,1
BRF:3
BRH:3
end_of_record
TN:
SF:src/Application/Controller/StatusQueueHandler.ts
FN:7,(anonymous_0)
FN:12,(anonymous_1)
FNF:2
FNH:2
FNDA:4,(anonymous_0)
FNDA:4,(anonymous_1)
DA:4,1
DA:6,1
DA:8,4
DA:9,4
DA:14,4
DA:15,4
DA:16,3
DA:17,3
DA:18,3
DA:19,3
DA:20,2
DA:21,1
DA:25,2
DA:28,1
LF:14
LH:14
BRDA:15,0,0,3
BRDA:15,0,1,1
BRDA:20,1,0,1
BRF:3
BRH:3
end_of_record
TN:
SF:src/Application/Gateway/ProcessingStatusRepoGateway.ts
FN:25,(anonymous_0)
FN:87,(anonymous_1)
FN:91,(anonymous_2)
FN:102,(anonymous_3)
FN:120,(anonymous_4)
FN:164,(anonymous_5)
FN:169,(anonymous_6)
FN:203,(anonymous_7)
FN:212,(anonymous_8)
FNF:9
FNH:9
FNDA:9,(anonymous_0)
FNDA:1,(anonymous_1)
FNDA:2,(anonymous_2)
FNDA:2,(anonymous_3)
FNDA:2,(anonymous_4)
FNDA:2,(anonymous_5)
FNDA:2,(anonymous_6)
FNDA:2,(anonymous_7)
FNDA:2,(anonymous_8)
DA:1,1
DA:4,1
DA:5,1
DA:6,1
DA:8,1
DA:22,1
DA:25,9
DA:26,9
DA:40,9
DA:83,9
DA:88,1
DA:92,2
DA:103,2
DA:104,1
DA:115,1
DA:121,2
DA:126,2
DA:127,1
DA:130,1
DA:131,1
DA:132,1
DA:134,1
DA:165,2
DA:166,2
DA:167,1
DA:169,1
DA:170,2
DA:171,2
DA:172,2
DA:173,2
DA:204,2
DA:209,2
DA:210,1
DA:212,1
DA:213,2
DA:214,2
DA:215,2
DA:216,2
LF:38
LH:38
BRDA:103,0,0,1
BRDA:103,0,1,1
BRDA:126,1,0,1
BRDA:166,2,0,1
BRDA:209,3,0,1
BRF:5
BRH:5
end_of_record
TN:
SF:src/Application/Presenter/ProcessingAdapter.ts
FN:5,(anonymous_0)
FN:9,(anonymous_1)
FN:13,(anonymous_2)
FN:17,(anonymous_3)
FN:19,(anonymous_4)
FN:23,(anonymous_5)
FNF:6
FNH:6
FNDA:1,(anonymous_0)
FNDA:1,(anonymous_1)
FNDA:1,(anonymous_2)
FNDA:1,(anonymous_3)
FNDA:2,(anonymous_4)
FNDA:8,(anonymous_5)
DA:3,4
DA:6,1
DA:10,1
DA:14,1
DA:18,1
DA:19,2
DA:25,8
DA:26,2
DA:27,6
DA:28,1
DA:29,5
DA:30,1
DA:33,4
DA:36,8
LF:14
LH:14
BRDA:25,0,0,2
BRDA:25,0,1,6
BRDA:25,1,0,8
BRDA:25,1,1,7
BRDA:27,2,0,1
BRDA:27,2,1,5
BRDA:29,3,0,1
BRDA:29,3,1,4
BRF:8
BRH:8
end_of_record
TN:
SF:src/Core/Entity/ProcessingEntity.ts
FN:18,(anonymous_0)
FN:29,(anonymous_1)
FN:44,(anonymous_2)
FN:54,(anonymous_3)
FN:59,(anonymous_4)
FN:63,(anonymous_5)
FN:67,(anonymous_6)
FN:71,(anonymous_7)
FN:75,(anonymous_8)
FN:79,(anonymous_9)
FN:83,(anonymous_10)
FN:87,(anonymous_11)
FN:95,(anonymous_12)
FN:99,(anonymous_13)
FN:103,(anonymous_14)
FN:116,(anonymous_15)
FNF:16
FNH:16
FNDA:23,(anonymous_0)
FNDA:10,(anonymous_1)
FNDA:8,(anonymous_2)
FNDA:14,(anonymous_3)
FNDA:15,(anonymous_4)
FNDA:11,(anonymous_5)
FNDA:11,(anonymous_6)
FNDA:13,(anonymous_7)
FNDA:19,(anonymous_8)
FNDA:14,(anonymous_9)
FNDA:15,(anonymous_10)
FNDA:1,(anonymous_11)
FNDA:11,(anonymous_12)
FNDA:1,(anonymous_13)
FNDA:1,(anonymous_14)
FNDA:1,(anonymous_15)
DA:1,9
DA:2,9
DA:3,9
DA:4,9
DA:8,9
DA:19,23
DA:20,23
DA:21,23
DA:22,23
DA:23,23
DA:24,23
DA:25,23
DA:26,23
DA:30,10
DA:31,1
DA:32,1
DA:34,10
DA:35,4
DA:36,4
DA:38,10
DA:39,8
DA:41,10
DA:45,8
DA:46,2
DA:48,6
DA:49,1
DA:51,5
DA:55,14
DA:56,14
DA:60,15
DA:64,11
DA:68,11
DA:72,13
DA:76,19
DA:80,14
DA:84,15
DA:88,1
DA:96,11
DA:100,1
DA:104,1
DA:105,1
DA:106,1
DA:107,1
DA:108,1
DA:117,1
DA:118,1
DA:119,1
DA:120,1
DA:121,1
LF:49
LH:49
BRDA:23,0,0,23
BRDA:23,0,1,16
BRDA:24,1,0,23
BRDA:24,1,1,16
BRDA:25,2,0,23
BRDA:25,2,1,16
BRDA:26,3,0,23
BRDA:26,3,1,16
BRDA:30,4,0,1
BRDA:34,5,0,4
BRDA:38,6,0,8
BRDA:45,7,0,2
BRDA:45,8,0,8
BRDA:45,8,1,7
BRDA:48,9,0,1
BRDA:122,10,0,1
BRDA:122,10,1,0
BRF:17
BRH:16
end_of_record
TN:
SF:src/Core/Entity/Enum/ProcessingStatusEnum.ts
FN:1,(anonymous_0)
FNF:1
FNH:1
FNDA:12,(anonymous_0)
DA:1,12
DA:3,12
DA:4,12
DA:5,12
DA:6,12
DA:7,12
LF:6
LH:6
BRDA:1,0,0,12
BRDA:1,0,1,12
BRF:2
BRH:2
end_of_record
TN:
SF:src/Core/Entity/ValueObject/ErrorMsgValueObject.ts
FN:11,(anonymous_0)
FN:19,(anonymous_1)
FN:23,(anonymous_2)
FN:27,(anonymous_3)
FN:31,(anonymous_4)
FN:35,(anonymous_5)
FN:39,(anonymous_6)
FNF:7
FNH:7
FNDA:11,(anonymous_0)
FNDA:1,(anonymous_1)
FNDA:1,(anonymous_2)
FNDA:2,(anonymous_3)
FNDA:1,(anonymous_4)
FNDA:2,(anonymous_5)
FNDA:2,(anonymous_6)
DA:3,1
DA:12,11
DA:13,11
DA:14,11
DA:15,11
DA:16,11
DA:20,1
DA:24,1
DA:28,2
DA:32,1
DA:36,2
DA:46,2
LF:12
LH:12
BRF:0
BRH:0
end_of_record
TN:
SF:src/Core/Entity/ValueObject/ProcessingConfigValueObject.ts
FN:7,(anonymous_0)
FN:13,(anonymous_1)
FN:17,(anonymous_2)
FN:21,(anonymous_3)
FN:25,(anonymous_4)
FN:33,(anonymous_5)
FNF:6
FNH:6
FNDA:20,(anonymous_0)
FNDA:4,(anonymous_1)
FNDA:4,(anonymous_2)
FNDA:4,(anonymous_3)
FNDA:9,(anonymous_4)
FNDA:5,(anonymous_5)
DA:1,10
DA:8,20
DA:9,20
DA:10,20
DA:14,4
DA:18,4
DA:22,4
DA:26,9
DA:34,5
LF:9
LH:9
BRF:0
BRH:0
end_of_record
TN:
SF:src/Core/Entity/ValueObject/StatusMsgValueObject.ts
FN:11,(anonymous_0)
FN:20,(anonymous_1)
FN:24,(anonymous_2)
FN:28,(anonymous_3)
FN:32,(anonymous_4)
FN:36,(anonymous_5)
FN:40,(anonymous_6)
FN:44,(anonymous_7)
FNF:8
FNH:8
FNDA:12,(anonymous_0)
FNDA:2,(anonymous_1)
FNDA:2,(anonymous_2)
FNDA:3,(anonymous_3)
FNDA:3,(anonymous_4)
FNDA:2,(anonymous_5)
FNDA:3,(anonymous_6)
FNDA:1,(anonymous_7)
DA:3,1
DA:12,12
DA:13,12
DA:14,12
DA:15,12
DA:16,12
DA:17,12
DA:21,2
DA:25,2
DA:29,3
DA:33,3
DA:37,2
DA:41,3
DA:45,1
LF:14
LH:14
BRF:0
BRH:0
end_of_record
TN:
SF:src/Core/Entity/ValueObject/UserValueObject.ts
FN:7,(anonymous_0)
FN:12,(anonymous_1)
FN:16,(anonymous_2)
FN:20,(anonymous_3)
FN:27,(anonymous_4)
FNF:5
FNH:5
FNDA:20,(anonymous_0)
FNDA:5,(anonymous_1)
FNDA:8,(anonymous_2)
FNDA:9,(anonymous_3)
FNDA:4,(anonymous_4)
DA:2,10
DA:8,20
DA:9,20
DA:13,5
DA:17,8
DA:21,9
DA:28,4
LF:7
LH:7
BRF:0
BRH:0
end_of_record
TN:
SF:src/Core/Entity/ValueObject/VideoValueObject.ts
FN:14,(anonymous_0)
FN:25,(anonymous_1)
FN:29,(anonymous_2)
FN:33,(anonymous_3)
FN:37,(anonymous_4)
FN:41,(anonymous_5)
FN:45,(anonymous_6)
FN:49,(anonymous_7)
FN:53,(anonymous_8)
FN:57,(anonymous_9)
FN:70,(anonymous_10)
FNF:11
FNH:11
FNDA:17,(anonymous_0)
FNDA:3,(anonymous_1)
FNDA:3,(anonymous_2)
FNDA:3,(anonymous_3)
FNDA:3,(anonymous_4)
FNDA:3,(anonymous_5)
FNDA:3,(anonymous_6)
FNDA:3,(anonymous_7)
FNDA:3,(anonymous_8)
FNDA:9,(anonymous_9)
FNDA:5,(anonymous_10)
DA:3,10
DA:15,17
DA:16,17
DA:17,17
DA:18,17
DA:19,17
DA:20,17
DA:21,17
DA:22,17
DA:26,3
DA:30,3
DA:34,3
DA:38,3
DA:42,3
DA:46,3
DA:50,3
DA:54,3
DA:58,9
DA:71,5
LF:19
LH:19
BRF:0
BRH:0
end_of_record
TN:
SF:src/Core/Usecase/ProcessingUseCases.ts
FN:16,(anonymous_0)
FN:58,(anonymous_1)
FN:84,(anonymous_2)
FN:90,(anonymous_3)
FN:112,(anonymous_4)
FN:118,(anonymous_5)
FN:140,(anonymous_6)
FN:171,(anonymous_7)
FNF:8
FNH:8
FNDA:3,(anonymous_0)
FNDA:2,(anonymous_1)
FNDA:2,(anonymous_2)
FNDA:1,(anonymous_3)
FNDA:2,(anonymous_4)
FNDA:1,(anonymous_5)
FNDA:3,(anonymous_6)
FNDA:4,(anonymous_7)
DA:1,6
DA:2,6
DA:3,6
DA:4,6
DA:5,6
DA:14,6
DA:18,3
DA:20,3
DA:21,3
DA:28,3
DA:29,3
DA:30,1
DA:33,2
DA:34,2
DA:35,1
DA:38,1
DA:54,2
DA:59,2
DA:60,2
DA:61,2
DA:62,1
DA:64,1
DA:80,1
DA:85,2
DA:86,2
DA:87,2
DA:88,1
DA:90,1
DA:91,1
DA:105,1
DA:108,1
DA:113,2
DA:114,2
DA:115,2
DA:116,1
DA:118,1
DA:119,1
DA:133,1
DA:136,1
DA:141,3
DA:142,3
DA:143,3
DA:144,1
DA:146,2
DA:147,2
DA:148,2
DA:149,2
DA:150,1
DA:152,1
DA:167,2
DA:172,4
DA:173,4
DA:174,4
DA:175,1
DA:177,3
DA:178,3
DA:179,3
DA:180,3
DA:181,2
DA:185,3
DA:186,3
DA:187,1
DA:189,2
DA:204,2
LF:64
LH:64
BRDA:29,0,0,1
BRDA:34,1,0,1
BRDA:61,2,0,1
BRDA:87,3,0,1
BRDA:115,4,0,1
BRDA:143,5,0,1
BRDA:149,6,0,1
BRDA:174,7,0,1
BRDA:177,8,0,3
BRDA:179,9,0,3
BRDA:179,9,1,0
BRDA:180,10,0,2
BRDA:186,11,0,1
BRDA:198,12,0,1
BRDA:198,12,1,1
BRF:15
BRH:14
end_of_record
TN:
SF:src/Infrastructure/Api/ApiMsgOverride.ts
FN:7,(anonymous_1)
FN:11,(anonymous_2)
FN:34,(anonymous_3)
FN:57,(anonymous_4)
FNF:4
FNH:4
FNDA:12,(anonymous_1)
FNDA:4,(anonymous_2)
FNDA:4,(anonymous_3)
FNDA:4,(anonymous_4)
DA:1,1
DA:3,1
DA:5,1
DA:9,12
DA:11,12
DA:18,4
DA:19,4
DA:20,0
DA:21,0
DA:23,4
DA:24,4
DA:25,3
DA:26,2
DA:28,3
DA:30,1
DA:34,12
DA:42,4
DA:43,4
DA:44,0
DA:45,0
DA:47,4
DA:48,3
DA:49,2
DA:51,3
DA:53,1
DA:57,12
DA:65,4
DA:66,4
DA:67,0
DA:68,0
DA:70,4
DA:71,3
DA:72,2
DA:74,3
DA:76,1
LF:35
LH:29
BRDA:19,0,0,0
BRDA:19,1,0,4
BRDA:19,1,1,4
BRDA:19,1,2,4
BRDA:25,2,0,2
BRDA:43,3,0,0
BRDA:43,4,0,4
BRDA:43,4,1,4
BRDA:43,4,2,4
BRDA:48,5,0,2
BRDA:66,6,0,0
BRDA:66,7,0,4
BRDA:66,7,1,4
BRDA:66,7,2,4
BRDA:71,8,0,2
BRF:15
BRH:12
end_of_record
TN:
SF:src/Infrastructure/Api/ApiProcessingStatus.ts
FN:7,(anonymous_1)
FN:11,(anonymous_2)
FN:29,(anonymous_3)
FN:51,(anonymous_4)
FNF:4
FNH:4
FNDA:11,(anonymous_1)
FNDA:3,(anonymous_2)
FNDA:4,(anonymous_3)
FNDA:4,(anonymous_4)
DA:1,1
DA:3,1
DA:5,1
DA:9,11
DA:11,11
DA:16,3
DA:17,3
DA:18,2
DA:19,1
DA:22,1
DA:25,1
DA:29,11
DA:34,4
DA:35,4
DA:36,1
DA:37,1
DA:39,3
DA:40,2
DA:41,1
DA:44,1
DA:47,1
DA:51,11
DA:56,4
DA:57,4
DA:58,1
DA:59,1
DA:61,3
DA:62,2
DA:63,1
DA:66,1
DA:69,1
LF:31
LH:31
BRDA:18,0,0,1
BRDA:18,0,1,1
BRDA:35,1,0,1
BRDA:35,2,0,4
BRDA:35,2,1,4
BRDA:35,2,2,3
BRDA:40,3,0,1
BRDA:40,3,1,1
BRDA:57,4,0,1
BRDA:57,5,0,4
BRDA:57,5,1,4
BRDA:57,5,2,3
BRDA:62,6,0,1
BRDA:62,6,1,1
BRF:14
BRH:14
end_of_record
TN:
SF:src/Infrastructure/Api/ApisDefaultEndpoints.ts
FN:7,(anonymous_1)
FN:11,(anonymous_2)
FNF:2
FNH:2
FNDA:2,(anonymous_1)
FNDA:1,(anonymous_2)
DA:2,1
DA:3,1
DA:5,1
DA:9,2
DA:11,2
DA:16,1
LF:6
LH:6
BRF:0
BRH:0
end_of_record
TN:
SF:src/Infrastructure/Configs/SnsConfig.ts
FN:9,(anonymous_0)
FN:29,(anonymous_1)
FN:33,(anonymous_2)
FNF:3
FNH:3
FNDA:6,(anonymous_0)
FNDA:5,(anonymous_1)
FNDA:5,(anonymous_2)
DA:3,1
DA:5,1
DA:10,6
DA:11,6
DA:21,6
DA:22,6
DA:30,5
DA:34,5
LF:8
LH:8
BRDA:12,0,0,6
BRDA:12,0,1,4
BRDA:13,1,0,3
BRDA:13,1,1,3
BRDA:14,2,0,3
BRDA:14,2,1,3
BRDA:17,3,0,3
BRDA:17,3,1,2
BRDA:18,4,0,3
BRDA:18,4,1,2
BRDA:23,5,0,6
BRDA:23,5,1,4
BRDA:24,6,0,3
BRDA:24,6,1,1
BRF:14
BRH:14
end_of_record
TN:
SF:src/Infrastructure/Configs/SqsConfig.ts
FN:9,(anonymous_0)
FN:29,(anonymous_1)
FN:33,(anonymous_2)
FNF:3
FNH:3
FNDA:5,(anonymous_0)
FNDA:4,(anonymous_1)
FNDA:4,(anonymous_2)
DA:3,1
DA:5,1
DA:10,5
DA:11,5
DA:21,5
DA:22,5
DA:30,4
DA:34,4
LF:8
LH:8
BRDA:12,0,0,5
BRDA:12,0,1,2
BRDA:13,1,0,3
BRDA:13,1,1,2
BRDA:14,2,0,3
BRDA:14,2,1,2
BRDA:17,3,0,2
BRDA:17,3,1,1
BRDA:18,4,0,2
BRDA:18,4,1,1
BRDA:23,5,0,5
BRDA:23,5,1,4
BRDA:24,6,0,3
BRDA:24,6,1,1
BRF:14
BRH:14
end_of_record
TN:
SF:src/Infrastructure/Services/EmailServiceMock.ts
FN:4,(anonymous_0)
FNF:1
FNH:1
FNDA:2,(anonymous_0)
DA:3,1
DA:5,2
DA:6,2
LF:3
LH:3
BRF:0
BRH:0
end_of_record
